Symlinking /home/rian/bebop_ws/devel/include/bebop_msgs/CommonCalibrationStateMagnetoCalibrationStartedChanged.h
Symlinking /home/rian/bebop_ws/devel/include/bebop_msgs/CommonARLibsVersionsStateDeviceLibARCommandsVersion.h
Symlinking /home/rian/bebop_ws/devel/include/bebop_msgs/CommonAnimationsStateList.h
Symlinking /home/rian/bebop_ws/devel/include/bebop_msgs/Ardrone3CameraStatedefaultCameraOrientationV2.h
Symlinking /home/rian/bebop_ws/devel/include/bebop_msgs/Ardrone3NetworkStateAllWifiScanChanged.h
Symlinking /home/rian/bebop_ws/devel/include/bebop_msgs/CommonCommonStateBatteryStateChanged.h
Symlinking /home/rian/bebop_ws/devel/include/bebop_msgs/CommonOverHeatStateOverHeatChanged.h
Symlinking /home/rian/bebop_ws/devel/include/bebop_msgs/Ardrone3PilotingStateNavigateHomeStateChanged.h
Symlinking /home/rian/bebop_ws/devel/include/bebop_msgs/CommonCommonStateWifiSignalChanged.h
Symlinking /home/rian/bebop_ws/devel/include/bebop_msgs/Ardrone3MediaStreamingStateVideoStreamModeChanged.h
Symlinking /home/rian/bebop_ws/devel/include/bebop_msgs/CommonAccessoryStateAccessoryConfigChanged.h
Symlinking /home/rian/bebop_ws/devel/include/bebop_msgs/CommonCommonStateCountryListKnown.h
Symlinking /home/rian/bebop_ws/devel/include/bebop_msgs/CommonCommonStateSensorsStatesListChanged.h
Symlinking /home/rian/bebop_ws/devel/include/bebop_msgs/Ardrone3PilotingStateAlertStateChanged.h
Symlinking /home/rian/bebop_ws/devel/include/bebop_msgs/Ardrone3PROStateFeatures.h
Symlinking /home/rian/bebop_ws/devel/include/bebop_msgs/Ardrone3GPSStateHomeTypeAvailabilityChanged.h
Symlinking /home/rian/bebop_ws/devel/include/bebop_msgs/CommonCommonStateMassStorageContentForCurrentRun.h
Symlinking /home/rian/bebop_ws/devel/include/bebop_msgs/Ardrone3NetworkStateWifiScanListChanged.h
Symlinking /home/rian/bebop_ws/devel/include/bebop_msgs/Ardrone3PilotingStateFlatTrimChanged.h
Symlinking /home/rian/bebop_ws/devel/include/bebop_msgs/CommonARLibsVersionsStateSkyControllerLibARCommandsVersion.h
Symlinking /home/rian/bebop_ws/devel/include/bebop_msgs/Ardrone3CameraStateOrientation.h
Symlinking /home/rian/bebop_ws/devel/include/bebop_msgs/CommonCalibrationStatePitotCalibrationStateChanged.h
Symlinking /home/rian/bebop_ws/devel/include/bebop_msgs/Ardrone3PilotingStateGpsLocationChanged.h
Symlinking /home/rian/bebop_ws/devel/include/bebop_msgs/Ardrone3GPSStateHomeTypeChosenChanged.h
Symlinking /home/rian/bebop_ws/devel/include/bebop_msgs/CommonCommonStateProductModel.h
Symlinking /home/rian/bebop_ws/devel/include/bebop_msgs/CommonMavlinkStateMissionItemExecuted.h
Symlinking /home/rian/bebop_ws/devel/include/bebop_msgs/Ardrone3MediaStreamingStateVideoEnableChanged.h
Symlinking /home/rian/bebop_ws/devel/include/bebop_msgs/CommonCommonStateAllStatesChanged.h
Symlinking /home/rian/bebop_ws/devel/include/bebop_msgs/CommonAccessoryStateAccessoryConfigModificationEnabled.h
Symlinking /home/rian/bebop_ws/devel/include/bebop_msgs/Ardrone3PilotingStateFlyingStateChanged.h
Symlinking /home/rian/bebop_ws/devel/include/bebop_msgs/Ardrone3AntiflickeringStatemodeChanged.h
Symlinking /home/rian/bebop_ws/devel/include/bebop_msgs/Ardrone3PilotingStatemoveToChanged.h
Symlinking /home/rian/bebop_ws/devel/include/bebop_msgs/Ardrone3CameraStateOrientationV2.h
Symlinking /home/rian/bebop_ws/devel/include/bebop_msgs/CommonCalibrationStateMagnetoCalibrationStateChanged.h
Symlinking /home/rian/bebop_ws/devel/include/bebop_msgs/CommonChargerStateChargingInfo.h
Symlinking /home/rian/bebop_ws/devel/include/bebop_msgs/Ardrone3AccessoryStateConnectedAccessories.h
Symlinking /home/rian/bebop_ws/devel/include/bebop_msgs/Ardrone3MediaRecordStateVideoResolutionState.h
Symlinking /home/rian/bebop_ws/devel/include/bebop_msgs/CommonARLibsVersionsStateControllerLibARCommandsVersion.h
Symlinking /home/rian/bebop_ws/devel/include/bebop_msgs/Ardrone3PilotingStatePositionChanged.h
Symlinking /home/rian/bebop_ws/devel/include/bebop_msgs/CommonFlightPlanStateLockStateChanged.h
Symlinking /home/rian/bebop_ws/devel/include/bebop_msgs/CommonAudioStateAudioStreamingRunning.h
Symlinking /home/rian/bebop_ws/devel/include/bebop_msgs/Ardrone3PilotingStateAttitudeChanged.h
Symlinking /home/rian/bebop_ws/devel/include/bebop_msgs/Ardrone3MediaRecordStateVideoStateChangedV2.h
Symlinking /home/rian/bebop_ws/devel/include/bebop_msgs/CommonCalibrationStateMagnetoCalibrationRequiredState.h
Symlinking /home/rian/bebop_ws/devel/include/bebop_msgs/Ardrone3CameraStateVelocityRange.h
Symlinking /home/rian/bebop_ws/devel/include/bebop_msgs/Ardrone3CameraStatedefaultCameraOrientation.h
Symlinking /home/rian/bebop_ws/devel/include/bebop_msgs/Ardrone3MediaRecordStatePictureStateChanged.h
Symlinking /home/rian/bebop_ws/devel/include/bebop_msgs/CommonMavlinkStateMavlinkFilePlayingStateChanged.h
Symlinking /home/rian/bebop_ws/devel/include/bebop_msgs/Ardrone3PilotingStateAltitudeChanged.h
Symlinking /home/rian/bebop_ws/devel/include/bebop_msgs/CommonCommonStateMassStorageContent.h
Symlinking /home/rian/bebop_ws/devel/include/bebop_msgs/CommonChargerStateLastChargeRateChanged.h
Symlinking /home/rian/bebop_ws/devel/include/bebop_msgs/CommonCommonStateDeprecatedMassStorageContentChanged.h
Symlinking /home/rian/bebop_ws/devel/include/bebop_msgs/CommonChargerStateCurrentChargeStateChanged.h
Symlinking /home/rian/bebop_ws/devel/include/bebop_msgs/CommonMavlinkStateMavlinkPlayErrorStateChanged.h
Symlinking /home/rian/bebop_ws/devel/include/bebop_msgs/Ardrone3PilotingStateAirSpeedChanged.h
Symlinking /home/rian/bebop_ws/devel/include/bebop_msgs/CommonCommonStateMassStorageInfoStateListChanged.h
Symlinking /home/rian/bebop_ws/devel/include/bebop_msgs/Ardrone3MediaRecordStatePictureStateChangedV2.h
Symlinking /home/rian/bebop_ws/devel/include/bebop_msgs/CommonFlightPlanStateComponentStateListChanged.h
Symlinking /home/rian/bebop_ws/devel/include/bebop_msgs/CommonOverHeatStateOverHeatRegulationChanged.h
Symlinking /home/rian/bebop_ws/devel/include/bebop_msgs/Ardrone3NetworkStateAllWifiAuthChannelChanged.h
Symlinking /home/rian/bebop_ws/devel/include/bebop_msgs/Ardrone3GPSStateNumberOfSatelliteChanged.h
Symlinking /home/rian/bebop_ws/devel/include/bebop_msgs/CommonChargerStateMaxChargeRateChanged.h
Symlinking /home/rian/bebop_ws/devel/include/bebop_msgs/CommonFlightPlanStateAvailabilityStateChanged.h
Symlinking /home/rian/bebop_ws/devel/include/bebop_msgs/Ardrone3AntiflickeringStateelectricFrequencyChanged.h
Symlinking /home/rian/bebop_ws/devel/include/bebop_msgs/Ardrone3MediaRecordStateVideoStateChanged.h
Symlinking /home/rian/bebop_ws/devel/include/bebop_msgs/CommonCommonStateCurrentTimeChanged.h
Symlinking /home/rian/bebop_ws/devel/include/bebop_msgs/CommonCommonStateVideoRecordingTimestamp.h
Symlinking /home/rian/bebop_ws/devel/include/bebop_msgs/Ardrone3PilotingStateLandingStateChanged.h
Symlinking /home/rian/bebop_ws/devel/include/bebop_msgs/Ardrone3NetworkStateWifiAuthChannelListChanged.h
Symlinking /home/rian/bebop_ws/devel/include/bebop_msgs/CommonRunStateRunIdChanged.h
Symlinking /home/rian/bebop_ws/devel/include/bebop_msgs/CommonAccessoryStateSupportedAccessoriesListChanged.h
Symlinking /home/rian/bebop_ws/devel/include/bebop_msgs/CommonCalibrationStateMagnetoCalibrationAxisToCalibrateChanged.h
Symlinking /home/rian/bebop_ws/devel/include/bebop_msgs/CommonCommonStateCurrentDateChanged.h
Symlinking /home/rian/bebop_ws/devel/include/bebop_msgs/CommonHeadlightsStateintensityChanged.h
Symlinking /home/rian/bebop_ws/devel/include/bebop_msgs/Ardrone3PilotingStateAutoTakeOffModeChanged.h
Symlinking /home/rian/bebop_ws/devel/include/bebop_msgs/Ardrone3PilotingStateSpeedChanged.h
Symlinking /home/rian/bebop_ws/devel/include/bebop_msgs/CommonCommonStateMassStorageStateListChanged.h
Symlinking /home/rian/bebop_ws/devel/include/bebop_msgs/CommonCommonStateMassStorageInfoRemainingListChanged.h
Symlinking /home/rian/bebop_ws/devel/lib/pkgconfig/bebop_msgs.pc
Symlinking /home/rian/bebop_ws/devel/lib/python2.7/dist-packages/bebop_msgs/__init__.py
Symlinking /home/rian/bebop_ws/devel/lib/python2.7/dist-packages/bebop_msgs/msg/_CommonCommonStateDeprecatedMassStorageContentChanged.py
Symlinking /home/rian/bebop_ws/devel/lib/python2.7/dist-packages/bebop_msgs/msg/_Ardrone3AntiflickeringStatemodeChanged.py
Symlinking /home/rian/bebop_ws/devel/lib/python2.7/dist-packages/bebop_msgs/msg/_Ardrone3PilotingStateSpeedChanged.py
Symlinking /home/rian/bebop_ws/devel/lib/python2.7/dist-packages/bebop_msgs/msg/_CommonCommonStateMassStorageStateListChanged.py
Symlinking /home/rian/bebop_ws/devel/lib/python2.7/dist-packages/bebop_msgs/msg/_Ardrone3GPSStateNumberOfSatelliteChanged.py
Symlinking /home/rian/bebop_ws/devel/lib/python2.7/dist-packages/bebop_msgs/msg/_CommonRunStateRunIdChanged.py
Symlinking /home/rian/bebop_ws/devel/lib/python2.7/dist-packages/bebop_msgs/msg/_Ardrone3PilotingStateFlatTrimChanged.py
Symlinking /home/rian/bebop_ws/devel/lib/python2.7/dist-packages/bebop_msgs/msg/_CommonFlightPlanStateLockStateChanged.py
Symlinking /home/rian/bebop_ws/devel/lib/python2.7/dist-packages/bebop_msgs/msg/_CommonAnimationsStateList.py
Symlinking /home/rian/bebop_ws/devel/lib/python2.7/dist-packages/bebop_msgs/msg/_CommonCommonStateProductModel.py
Symlinking /home/rian/bebop_ws/devel/lib/python2.7/dist-packages/bebop_msgs/msg/_CommonARLibsVersionsStateSkyControllerLibARCommandsVersion.py
Symlinking /home/rian/bebop_ws/devel/lib/python2.7/dist-packages/bebop_msgs/msg/_CommonCalibrationStatePitotCalibrationStateChanged.py
Symlinking /home/rian/bebop_ws/devel/lib/python2.7/dist-packages/bebop_msgs/msg/_Ardrone3PilotingStateLandingStateChanged.py
Symlinking /home/rian/bebop_ws/devel/lib/python2.7/dist-packages/bebop_msgs/msg/_Ardrone3CameraStateVelocityRange.py
Symlinking /home/rian/bebop_ws/devel/lib/python2.7/dist-packages/bebop_msgs/msg/_CommonHeadlightsStateintensityChanged.py
Symlinking /home/rian/bebop_ws/devel/lib/python2.7/dist-packages/bebop_msgs/msg/_Ardrone3PilotingStateAltitudeChanged.py
Symlinking /home/rian/bebop_ws/devel/lib/python2.7/dist-packages/bebop_msgs/msg/_CommonOverHeatStateOverHeatRegulationChanged.py
Symlinking /home/rian/bebop_ws/devel/lib/python2.7/dist-packages/bebop_msgs/msg/_CommonCommonStateAllStatesChanged.py
Symlinking /home/rian/bebop_ws/devel/lib/python2.7/dist-packages/bebop_msgs/msg/_Ardrone3NetworkStateWifiScanListChanged.py
Symlinking /home/rian/bebop_ws/devel/lib/python2.7/dist-packages/bebop_msgs/msg/_CommonCalibrationStateMagnetoCalibrationStartedChanged.py
Symlinking /home/rian/bebop_ws/devel/lib/python2.7/dist-packages/bebop_msgs/msg/_Ardrone3CameraStateOrientationV2.py
Symlinking /home/rian/bebop_ws/devel/lib/python2.7/dist-packages/bebop_msgs/msg/_CommonCommonStateCountryListKnown.py
Symlinking /home/rian/bebop_ws/devel/lib/python2.7/dist-packages/bebop_msgs/msg/_Ardrone3MediaRecordStatePictureStateChanged.py
Symlinking /home/rian/bebop_ws/devel/lib/python2.7/dist-packages/bebop_msgs/msg/_CommonCommonStateMassStorageInfoRemainingListChanged.py
Symlinking /home/rian/bebop_ws/devel/lib/python2.7/dist-packages/bebop_msgs/msg/_Ardrone3GPSStateHomeTypeAvailabilityChanged.py
Symlinking /home/rian/bebop_ws/devel/lib/python2.7/dist-packages/bebop_msgs/msg/_CommonFlightPlanStateAvailabilityStateChanged.py
Symlinking /home/rian/bebop_ws/devel/lib/python2.7/dist-packages/bebop_msgs/msg/_Ardrone3MediaRecordStateVideoResolutionState.py
Symlinking /home/rian/bebop_ws/devel/lib/python2.7/dist-packages/bebop_msgs/msg/_CommonCommonStateWifiSignalChanged.py
Symlinking /home/rian/bebop_ws/devel/lib/python2.7/dist-packages/bebop_msgs/msg/_CommonChargerStateMaxChargeRateChanged.py
Symlinking /home/rian/bebop_ws/devel/lib/python2.7/dist-packages/bebop_msgs/msg/_Ardrone3PilotingStateAirSpeedChanged.py
Symlinking /home/rian/bebop_ws/devel/lib/python2.7/dist-packages/bebop_msgs/msg/_CommonMavlinkStateMavlinkFilePlayingStateChanged.py
Symlinking /home/rian/bebop_ws/devel/lib/python2.7/dist-packages/bebop_msgs/msg/_Ardrone3CameraStateOrientation.py
Symlinking /home/rian/bebop_ws/devel/lib/python2.7/dist-packages/bebop_msgs/msg/_CommonCommonStateCurrentDateChanged.py
Symlinking /home/rian/bebop_ws/devel/lib/python2.7/dist-packages/bebop_msgs/msg/_Ardrone3MediaRecordStatePictureStateChangedV2.py
Symlinking /home/rian/bebop_ws/devel/lib/python2.7/dist-packages/bebop_msgs/msg/_Ardrone3CameraStatedefaultCameraOrientationV2.py
Symlinking /home/rian/bebop_ws/devel/lib/python2.7/dist-packages/bebop_msgs/msg/_CommonMavlinkStateMavlinkPlayErrorStateChanged.py
Symlinking /home/rian/bebop_ws/devel/lib/python2.7/dist-packages/bebop_msgs/msg/_CommonCommonStateCurrentTimeChanged.py
Symlinking /home/rian/bebop_ws/devel/lib/python2.7/dist-packages/bebop_msgs/msg/_CommonCommonStateBatteryStateChanged.py
Symlinking /home/rian/bebop_ws/devel/lib/python2.7/dist-packages/bebop_msgs/msg/_Ardrone3MediaRecordStateVideoStateChanged.py
Symlinking /home/rian/bebop_ws/devel/lib/python2.7/dist-packages/bebop_msgs/msg/_CommonCommonStateMassStorageInfoStateListChanged.py
Symlinking /home/rian/bebop_ws/devel/lib/python2.7/dist-packages/bebop_msgs/msg/_Ardrone3GPSStateHomeTypeChosenChanged.py
Symlinking /home/rian/bebop_ws/devel/lib/python2.7/dist-packages/bebop_msgs/msg/_CommonFlightPlanStateComponentStateListChanged.py
Symlinking /home/rian/bebop_ws/devel/lib/python2.7/dist-packages/bebop_msgs/msg/_CommonCommonStateMassStorageContentForCurrentRun.py
Symlinking /home/rian/bebop_ws/devel/lib/python2.7/dist-packages/bebop_msgs/msg/_Ardrone3PilotingStateAutoTakeOffModeChanged.py
Symlinking /home/rian/bebop_ws/devel/lib/python2.7/dist-packages/bebop_msgs/msg/_Ardrone3PilotingStateNavigateHomeStateChanged.py
Symlinking /home/rian/bebop_ws/devel/lib/python2.7/dist-packages/bebop_msgs/msg/_CommonChargerStateChargingInfo.py
Symlinking /home/rian/bebop_ws/devel/lib/python2.7/dist-packages/bebop_msgs/msg/_CommonARLibsVersionsStateControllerLibARCommandsVersion.py
Symlinking /home/rian/bebop_ws/devel/lib/python2.7/dist-packages/bebop_msgs/msg/_CommonCalibrationStateMagnetoCalibrationStateChanged.py
Symlinking /home/rian/bebop_ws/devel/lib/python2.7/dist-packages/bebop_msgs/msg/_Ardrone3PilotingStateFlyingStateChanged.py
Symlinking /home/rian/bebop_ws/devel/lib/python2.7/dist-packages/bebop_msgs/msg/_CommonChargerStateLastChargeRateChanged.py
Symlinking /home/rian/bebop_ws/devel/lib/python2.7/dist-packages/bebop_msgs/msg/_Ardrone3PilotingStatePositionChanged.py
Symlinking /home/rian/bebop_ws/devel/lib/python2.7/dist-packages/bebop_msgs/msg/_CommonCommonStateMassStorageContent.py
Symlinking /home/rian/bebop_ws/devel/lib/python2.7/dist-packages/bebop_msgs/msg/_CommonAudioStateAudioStreamingRunning.py
Symlinking /home/rian/bebop_ws/devel/lib/python2.7/dist-packages/bebop_msgs/msg/_Ardrone3AccessoryStateConnectedAccessories.py
Symlinking /home/rian/bebop_ws/devel/lib/python2.7/dist-packages/bebop_msgs/msg/_Ardrone3PilotingStatemoveToChanged.py
Symlinking /home/rian/bebop_ws/devel/lib/python2.7/dist-packages/bebop_msgs/msg/_CommonAccessoryStateAccessoryConfigModificationEnabled.py
Symlinking /home/rian/bebop_ws/devel/lib/python2.7/dist-packages/bebop_msgs/msg/_CommonCommonStateVideoRecordingTimestamp.py
Symlinking /home/rian/bebop_ws/devel/lib/python2.7/dist-packages/bebop_msgs/msg/_Ardrone3NetworkStateAllWifiScanChanged.py
Symlinking /home/rian/bebop_ws/devel/lib/python2.7/dist-packages/bebop_msgs/msg/_Ardrone3CameraStatedefaultCameraOrientation.py
Symlinking /home/rian/bebop_ws/devel/lib/python2.7/dist-packages/bebop_msgs/msg/_Ardrone3MediaStreamingStateVideoStreamModeChanged.py
Symlinking /home/rian/bebop_ws/devel/lib/python2.7/dist-packages/bebop_msgs/msg/_Ardrone3PilotingStateGpsLocationChanged.py
Symlinking /home/rian/bebop_ws/devel/lib/python2.7/dist-packages/bebop_msgs/msg/_CommonChargerStateCurrentChargeStateChanged.py
Symlinking /home/rian/bebop_ws/devel/lib/python2.7/dist-packages/bebop_msgs/msg/_CommonCalibrationStateMagnetoCalibrationAxisToCalibrateChanged.py
Symlinking /home/rian/bebop_ws/devel/lib/python2.7/dist-packages/bebop_msgs/msg/_CommonAccessoryStateSupportedAccessoriesListChanged.py
Symlinking /home/rian/bebop_ws/devel/lib/python2.7/dist-packages/bebop_msgs/msg/__init__.py
Symlinking /home/rian/bebop_ws/devel/lib/python2.7/dist-packages/bebop_msgs/msg/_CommonCommonStateSensorsStatesListChanged.py
Symlinking /home/rian/bebop_ws/devel/lib/python2.7/dist-packages/bebop_msgs/msg/_Ardrone3AntiflickeringStateelectricFrequencyChanged.py
Symlinking /home/rian/bebop_ws/devel/lib/python2.7/dist-packages/bebop_msgs/msg/_Ardrone3PilotingStateAttitudeChanged.py
Symlinking /home/rian/bebop_ws/devel/lib/python2.7/dist-packages/bebop_msgs/msg/_CommonARLibsVersionsStateDeviceLibARCommandsVersion.py
Symlinking /home/rian/bebop_ws/devel/lib/python2.7/dist-packages/bebop_msgs/msg/_Ardrone3PROStateFeatures.py
Symlinking /home/rian/bebop_ws/devel/lib/python2.7/dist-packages/bebop_msgs/msg/_Ardrone3NetworkStateWifiAuthChannelListChanged.py
Symlinking /home/rian/bebop_ws/devel/lib/python2.7/dist-packages/bebop_msgs/msg/_CommonOverHeatStateOverHeatChanged.py
Symlinking /home/rian/bebop_ws/devel/lib/python2.7/dist-packages/bebop_msgs/msg/_CommonAccessoryStateAccessoryConfigChanged.py
Symlinking /home/rian/bebop_ws/devel/lib/python2.7/dist-packages/bebop_msgs/msg/_Ardrone3MediaStreamingStateVideoEnableChanged.py
Symlinking /home/rian/bebop_ws/devel/lib/python2.7/dist-packages/bebop_msgs/msg/_Ardrone3NetworkStateAllWifiAuthChannelChanged.py
Symlinking /home/rian/bebop_ws/devel/lib/python2.7/dist-packages/bebop_msgs/msg/_CommonCalibrationStateMagnetoCalibrationRequiredState.py
Symlinking /home/rian/bebop_ws/devel/lib/python2.7/dist-packages/bebop_msgs/msg/_Ardrone3PilotingStateAlertStateChanged.py
Symlinking /home/rian/bebop_ws/devel/lib/python2.7/dist-packages/bebop_msgs/msg/_Ardrone3MediaRecordStateVideoStateChangedV2.py
Symlinking /home/rian/bebop_ws/devel/lib/python2.7/dist-packages/bebop_msgs/msg/_CommonMavlinkStateMissionItemExecuted.py
Symlinking /home/rian/bebop_ws/devel/share/bebop_msgs/cmake/bebop_msgs-msg-extras.cmake
Symlinking /home/rian/bebop_ws/devel/share/bebop_msgs/cmake/bebop_msgsConfig-version.cmake
Symlinking /home/rian/bebop_ws/devel/share/bebop_msgs/cmake/bebop_msgs-msg-paths.cmake
Symlinking /home/rian/bebop_ws/devel/share/bebop_msgs/cmake/bebop_msgsConfig.cmake
Symlinking /home/rian/bebop_ws/devel/share/roseus/ros/bebop_msgs/manifest.l
Symlinking /home/rian/bebop_ws/devel/share/roseus/ros/bebop_msgs/msg/CommonCalibrationStateMagnetoCalibrationAxisToCalibrateChanged.l
Symlinking /home/rian/bebop_ws/devel/share/roseus/ros/bebop_msgs/msg/CommonCommonStateWifiSignalChanged.l
Symlinking /home/rian/bebop_ws/devel/share/roseus/ros/bebop_msgs/msg/Ardrone3AntiflickeringStateelectricFrequencyChanged.l
Symlinking /home/rian/bebop_ws/devel/share/roseus/ros/bebop_msgs/msg/Ardrone3PilotingStateAttitudeChanged.l
Symlinking /home/rian/bebop_ws/devel/share/roseus/ros/bebop_msgs/msg/CommonARLibsVersionsStateDeviceLibARCommandsVersion.l
Symlinking /home/rian/bebop_ws/devel/share/roseus/ros/bebop_msgs/msg/CommonFlightPlanStateComponentStateListChanged.l
Symlinking /home/rian/bebop_ws/devel/share/roseus/ros/bebop_msgs/msg/Ardrone3PilotingStateFlatTrimChanged.l
Symlinking /home/rian/bebop_ws/devel/share/roseus/ros/bebop_msgs/msg/CommonCommonStateAllStatesChanged.l
Symlinking /home/rian/bebop_ws/devel/share/roseus/ros/bebop_msgs/msg/Ardrone3MediaStreamingStateVideoStreamModeChanged.l
Symlinking /home/rian/bebop_ws/devel/share/roseus/ros/bebop_msgs/msg/Ardrone3MediaRecordStateVideoStateChanged.l
Symlinking /home/rian/bebop_ws/devel/share/roseus/ros/bebop_msgs/msg/CommonFlightPlanStateLockStateChanged.l
Symlinking /home/rian/bebop_ws/devel/share/roseus/ros/bebop_msgs/msg/Ardrone3PilotingStateAirSpeedChanged.l
Symlinking /home/rian/bebop_ws/devel/share/roseus/ros/bebop_msgs/msg/CommonAudioStateAudioStreamingRunning.l
Symlinking /home/rian/bebop_ws/devel/share/roseus/ros/bebop_msgs/msg/CommonAnimationsStateList.l
Symlinking /home/rian/bebop_ws/devel/share/roseus/ros/bebop_msgs/msg/CommonARLibsVersionsStateControllerLibARCommandsVersion.l
Symlinking /home/rian/bebop_ws/devel/share/roseus/ros/bebop_msgs/msg/Ardrone3MediaRecordStatePictureStateChangedV2.l
Symlinking /home/rian/bebop_ws/devel/share/roseus/ros/bebop_msgs/msg/CommonCalibrationStateMagnetoCalibrationStartedChanged.l
Symlinking /home/rian/bebop_ws/devel/share/roseus/ros/bebop_msgs/msg/CommonChargerStateCurrentChargeStateChanged.l
Symlinking /home/rian/bebop_ws/devel/share/roseus/ros/bebop_msgs/msg/CommonMavlinkStateMissionItemExecuted.l
Symlinking /home/rian/bebop_ws/devel/share/roseus/ros/bebop_msgs/msg/CommonCommonStateSensorsStatesListChanged.l
Symlinking /home/rian/bebop_ws/devel/share/roseus/ros/bebop_msgs/msg/Ardrone3GPSStateNumberOfSatelliteChanged.l
Symlinking /home/rian/bebop_ws/devel/share/roseus/ros/bebop_msgs/msg/Ardrone3PilotingStateAltitudeChanged.l
Symlinking /home/rian/bebop_ws/devel/share/roseus/ros/bebop_msgs/msg/Ardrone3NetworkStateAllWifiScanChanged.l
Symlinking /home/rian/bebop_ws/devel/share/roseus/ros/bebop_msgs/msg/CommonCommonStateMassStorageContent.l
Symlinking /home/rian/bebop_ws/devel/share/roseus/ros/bebop_msgs/msg/CommonCommonStateCurrentDateChanged.l
Symlinking /home/rian/bebop_ws/devel/share/roseus/ros/bebop_msgs/msg/Ardrone3PilotingStateSpeedChanged.l
Symlinking /home/rian/bebop_ws/devel/share/roseus/ros/bebop_msgs/msg/CommonMavlinkStateMavlinkFilePlayingStateChanged.l
Symlinking /home/rian/bebop_ws/devel/share/roseus/ros/bebop_msgs/msg/Ardrone3PilotingStatePositionChanged.l
Symlinking /home/rian/bebop_ws/devel/share/roseus/ros/bebop_msgs/msg/CommonHeadlightsStateintensityChanged.l
Symlinking /home/rian/bebop_ws/devel/share/roseus/ros/bebop_msgs/msg/CommonCommonStateProductModel.l
Symlinking /home/rian/bebop_ws/devel/share/roseus/ros/bebop_msgs/msg/Ardrone3AntiflickeringStatemodeChanged.l
Symlinking /home/rian/bebop_ws/devel/share/roseus/ros/bebop_msgs/msg/Ardrone3PilotingStateLandingStateChanged.l
Symlinking /home/rian/bebop_ws/devel/share/roseus/ros/bebop_msgs/msg/CommonAccessoryStateAccessoryConfigChanged.l
Symlinking /home/rian/bebop_ws/devel/share/roseus/ros/bebop_msgs/msg/Ardrone3PilotingStateAlertStateChanged.l
Symlinking /home/rian/bebop_ws/devel/share/roseus/ros/bebop_msgs/msg/Ardrone3CameraStatedefaultCameraOrientationV2.l
Symlinking /home/rian/bebop_ws/devel/share/roseus/ros/bebop_msgs/msg/CommonCommonStateMassStorageInfoStateListChanged.l
Symlinking /home/rian/bebop_ws/devel/share/roseus/ros/bebop_msgs/msg/Ardrone3PilotingStateFlyingStateChanged.l
Symlinking /home/rian/bebop_ws/devel/share/roseus/ros/bebop_msgs/msg/CommonAccessoryStateAccessoryConfigModificationEnabled.l
Symlinking /home/rian/bebop_ws/devel/share/roseus/ros/bebop_msgs/msg/Ardrone3MediaStreamingStateVideoEnableChanged.l
Symlinking /home/rian/bebop_ws/devel/share/roseus/ros/bebop_msgs/msg/Ardrone3PilotingStatemoveToChanged.l
Symlinking /home/rian/bebop_ws/devel/share/roseus/ros/bebop_msgs/msg/CommonCalibrationStatePitotCalibrationStateChanged.l
Symlinking /home/rian/bebop_ws/devel/share/roseus/ros/bebop_msgs/msg/Ardrone3MediaRecordStateVideoResolutionState.l
Symlinking /home/rian/bebop_ws/devel/share/roseus/ros/bebop_msgs/msg/Ardrone3CameraStateOrientation.l
Symlinking /home/rian/bebop_ws/devel/share/roseus/ros/bebop_msgs/msg/Ardrone3NetworkStateWifiAuthChannelListChanged.l
Symlinking /home/rian/bebop_ws/devel/share/roseus/ros/bebop_msgs/msg/Ardrone3CameraStatedefaultCameraOrientation.l
Symlinking /home/rian/bebop_ws/devel/share/roseus/ros/bebop_msgs/msg/CommonAccessoryStateSupportedAccessoriesListChanged.l
Symlinking /home/rian/bebop_ws/devel/share/roseus/ros/bebop_msgs/msg/CommonChargerStateChargingInfo.l
Symlinking /home/rian/bebop_ws/devel/share/roseus/ros/bebop_msgs/msg/CommonCommonStateCurrentTimeChanged.l
Symlinking /home/rian/bebop_ws/devel/share/roseus/ros/bebop_msgs/msg/Ardrone3GPSStateHomeTypeChosenChanged.l
Symlinking /home/rian/bebop_ws/devel/share/roseus/ros/bebop_msgs/msg/Ardrone3PilotingStateNavigateHomeStateChanged.l
Symlinking /home/rian/bebop_ws/devel/share/roseus/ros/bebop_msgs/msg/CommonFlightPlanStateAvailabilityStateChanged.l
Symlinking /home/rian/bebop_ws/devel/share/roseus/ros/bebop_msgs/msg/CommonCalibrationStateMagnetoCalibrationRequiredState.l
Symlinking /home/rian/bebop_ws/devel/share/roseus/ros/bebop_msgs/msg/CommonRunStateRunIdChanged.l
Symlinking /home/rian/bebop_ws/devel/share/roseus/ros/bebop_msgs/msg/Ardrone3GPSStateHomeTypeAvailabilityChanged.l
Symlinking /home/rian/bebop_ws/devel/share/roseus/ros/bebop_msgs/msg/Ardrone3CameraStateVelocityRange.l
Symlinking /home/rian/bebop_ws/devel/share/roseus/ros/bebop_msgs/msg/Ardrone3PROStateFeatures.l
Symlinking /home/rian/bebop_ws/devel/share/roseus/ros/bebop_msgs/msg/CommonCommonStateMassStorageInfoRemainingListChanged.l
Symlinking /home/rian/bebop_ws/devel/share/roseus/ros/bebop_msgs/msg/Ardrone3NetworkStateAllWifiAuthChannelChanged.l
Symlinking /home/rian/bebop_ws/devel/share/roseus/ros/bebop_msgs/msg/CommonCommonStateDeprecatedMassStorageContentChanged.l
Symlinking /home/rian/bebop_ws/devel/share/roseus/ros/bebop_msgs/msg/CommonCalibrationStateMagnetoCalibrationStateChanged.l
Symlinking /home/rian/bebop_ws/devel/share/roseus/ros/bebop_msgs/msg/CommonCommonStateMassStorageStateListChanged.l
Symlinking /home/rian/bebop_ws/devel/share/roseus/ros/bebop_msgs/msg/Ardrone3MediaRecordStateVideoStateChangedV2.l
Symlinking /home/rian/bebop_ws/devel/share/roseus/ros/bebop_msgs/msg/Ardrone3NetworkStateWifiScanListChanged.l
Symlinking /home/rian/bebop_ws/devel/share/roseus/ros/bebop_msgs/msg/CommonARLibsVersionsStateSkyControllerLibARCommandsVersion.l
Symlinking /home/rian/bebop_ws/devel/share/roseus/ros/bebop_msgs/msg/CommonCommonStateVideoRecordingTimestamp.l
Symlinking /home/rian/bebop_ws/devel/share/roseus/ros/bebop_msgs/msg/Ardrone3CameraStateOrientationV2.l
Symlinking /home/rian/bebop_ws/devel/share/roseus/ros/bebop_msgs/msg/Ardrone3PilotingStateAutoTakeOffModeChanged.l
Symlinking /home/rian/bebop_ws/devel/share/roseus/ros/bebop_msgs/msg/CommonOverHeatStateOverHeatRegulationChanged.l
Symlinking /home/rian/bebop_ws/devel/share/roseus/ros/bebop_msgs/msg/CommonCommonStateCountryListKnown.l
Symlinking /home/rian/bebop_ws/devel/share/roseus/ros/bebop_msgs/msg/CommonCommonStateMassStorageContentForCurrentRun.l
Symlinking /home/rian/bebop_ws/devel/share/roseus/ros/bebop_msgs/msg/CommonChargerStateMaxChargeRateChanged.l
Symlinking /home/rian/bebop_ws/devel/share/roseus/ros/bebop_msgs/msg/CommonMavlinkStateMavlinkPlayErrorStateChanged.l
Symlinking /home/rian/bebop_ws/devel/share/roseus/ros/bebop_msgs/msg/Ardrone3MediaRecordStatePictureStateChanged.l
Symlinking /home/rian/bebop_ws/devel/share/roseus/ros/bebop_msgs/msg/Ardrone3PilotingStateGpsLocationChanged.l
Symlinking /home/rian/bebop_ws/devel/share/roseus/ros/bebop_msgs/msg/CommonCommonStateBatteryStateChanged.l
Symlinking /home/rian/bebop_ws/devel/share/roseus/ros/bebop_msgs/msg/CommonOverHeatStateOverHeatChanged.l
Symlinking /home/rian/bebop_ws/devel/share/roseus/ros/bebop_msgs/msg/Ardrone3AccessoryStateConnectedAccessories.l
Symlinking /home/rian/bebop_ws/devel/share/roseus/ros/bebop_msgs/msg/CommonChargerStateLastChargeRateChanged.l
Symlinking /home/rian/bebop_ws/devel/share/gennodejs/ros/bebop_msgs/_index.js
Symlinking /home/rian/bebop_ws/devel/share/gennodejs/ros/bebop_msgs/msg/CommonCommonStateCurrentDateChanged.js
Symlinking /home/rian/bebop_ws/devel/share/gennodejs/ros/bebop_msgs/msg/CommonChargerStateLastChargeRateChanged.js
Symlinking /home/rian/bebop_ws/devel/share/gennodejs/ros/bebop_msgs/msg/Ardrone3PilotingStatemoveToChanged.js
Symlinking /home/rian/bebop_ws/devel/share/gennodejs/ros/bebop_msgs/msg/Ardrone3MediaRecordStateVideoStateChanged.js
Symlinking /home/rian/bebop_ws/devel/share/gennodejs/ros/bebop_msgs/msg/CommonChargerStateChargingInfo.js
Symlinking /home/rian/bebop_ws/devel/share/gennodejs/ros/bebop_msgs/msg/CommonMavlinkStateMavlinkFilePlayingStateChanged.js
Symlinking /home/rian/bebop_ws/devel/share/gennodejs/ros/bebop_msgs/msg/Ardrone3NetworkStateWifiAuthChannelListChanged.js
Symlinking /home/rian/bebop_ws/devel/share/gennodejs/ros/bebop_msgs/msg/Ardrone3MediaStreamingStateVideoEnableChanged.js
Symlinking /home/rian/bebop_ws/devel/share/gennodejs/ros/bebop_msgs/msg/CommonCalibrationStateMagnetoCalibrationAxisToCalibrateChanged.js
Symlinking /home/rian/bebop_ws/devel/share/gennodejs/ros/bebop_msgs/msg/Ardrone3AntiflickeringStatemodeChanged.js
Symlinking /home/rian/bebop_ws/devel/share/gennodejs/ros/bebop_msgs/msg/CommonCommonStateBatteryStateChanged.js
Symlinking /home/rian/bebop_ws/devel/share/gennodejs/ros/bebop_msgs/msg/CommonCalibrationStateMagnetoCalibrationRequiredState.js
Symlinking /home/rian/bebop_ws/devel/share/gennodejs/ros/bebop_msgs/msg/CommonCommonStateMassStorageContentForCurrentRun.js
Symlinking /home/rian/bebop_ws/devel/share/gennodejs/ros/bebop_msgs/msg/CommonAudioStateAudioStreamingRunning.js
Symlinking /home/rian/bebop_ws/devel/share/gennodejs/ros/bebop_msgs/msg/CommonFlightPlanStateComponentStateListChanged.js
Symlinking /home/rian/bebop_ws/devel/share/gennodejs/ros/bebop_msgs/msg/CommonCommonStateCountryListKnown.js
Symlinking /home/rian/bebop_ws/devel/share/gennodejs/ros/bebop_msgs/msg/Ardrone3CameraStatedefaultCameraOrientation.js
Symlinking /home/rian/bebop_ws/devel/share/gennodejs/ros/bebop_msgs/msg/Ardrone3CameraStateVelocityRange.js
Symlinking /home/rian/bebop_ws/devel/share/gennodejs/ros/bebop_msgs/msg/Ardrone3PilotingStateAirSpeedChanged.js
Symlinking /home/rian/bebop_ws/devel/share/gennodejs/ros/bebop_msgs/msg/Ardrone3GPSStateHomeTypeChosenChanged.js
Symlinking /home/rian/bebop_ws/devel/share/gennodejs/ros/bebop_msgs/msg/CommonOverHeatStateOverHeatChanged.js
Symlinking /home/rian/bebop_ws/devel/share/gennodejs/ros/bebop_msgs/msg/Ardrone3PilotingStateAutoTakeOffModeChanged.js
Symlinking /home/rian/bebop_ws/devel/share/gennodejs/ros/bebop_msgs/msg/CommonAccessoryStateSupportedAccessoriesListChanged.js
Symlinking /home/rian/bebop_ws/devel/share/gennodejs/ros/bebop_msgs/msg/Ardrone3AccessoryStateConnectedAccessories.js
Symlinking /home/rian/bebop_ws/devel/share/gennodejs/ros/bebop_msgs/msg/Ardrone3PilotingStateLandingStateChanged.js
Symlinking /home/rian/bebop_ws/devel/share/gennodejs/ros/bebop_msgs/msg/CommonChargerStateMaxChargeRateChanged.js
Symlinking /home/rian/bebop_ws/devel/share/gennodejs/ros/bebop_msgs/msg/CommonCommonStateCurrentTimeChanged.js
Symlinking /home/rian/bebop_ws/devel/share/gennodejs/ros/bebop_msgs/msg/CommonCommonStateMassStorageInfoRemainingListChanged.js
Symlinking /home/rian/bebop_ws/devel/share/gennodejs/ros/bebop_msgs/msg/CommonCommonStateMassStorageInfoStateListChanged.js
Symlinking /home/rian/bebop_ws/devel/share/gennodejs/ros/bebop_msgs/msg/CommonCalibrationStateMagnetoCalibrationStateChanged.js
Symlinking /home/rian/bebop_ws/devel/share/gennodejs/ros/bebop_msgs/msg/CommonCommonStateWifiSignalChanged.js
Symlinking /home/rian/bebop_ws/devel/share/gennodejs/ros/bebop_msgs/msg/Ardrone3MediaRecordStateVideoResolutionState.js
Symlinking /home/rian/bebop_ws/devel/share/gennodejs/ros/bebop_msgs/msg/Ardrone3MediaRecordStatePictureStateChanged.js
Symlinking /home/rian/bebop_ws/devel/share/gennodejs/ros/bebop_msgs/msg/Ardrone3PilotingStateNavigateHomeStateChanged.js
Symlinking /home/rian/bebop_ws/devel/share/gennodejs/ros/bebop_msgs/msg/CommonCommonStateProductModel.js
Symlinking /home/rian/bebop_ws/devel/share/gennodejs/ros/bebop_msgs/msg/Ardrone3PROStateFeatures.js
Symlinking /home/rian/bebop_ws/devel/share/gennodejs/ros/bebop_msgs/msg/CommonAccessoryStateAccessoryConfigChanged.js
Symlinking /home/rian/bebop_ws/devel/share/gennodejs/ros/bebop_msgs/msg/Ardrone3PilotingStateAlertStateChanged.js
Symlinking /home/rian/bebop_ws/devel/share/gennodejs/ros/bebop_msgs/msg/_index.js
Symlinking /home/rian/bebop_ws/devel/share/gennodejs/ros/bebop_msgs/msg/CommonCalibrationStatePitotCalibrationStateChanged.js
Symlinking /home/rian/bebop_ws/devel/share/gennodejs/ros/bebop_msgs/msg/Ardrone3NetworkStateAllWifiScanChanged.js
Symlinking /home/rian/bebop_ws/devel/share/gennodejs/ros/bebop_msgs/msg/Ardrone3PilotingStateAttitudeChanged.js
Symlinking /home/rian/bebop_ws/devel/share/gennodejs/ros/bebop_msgs/msg/CommonCommonStateMassStorageStateListChanged.js
Symlinking /home/rian/bebop_ws/devel/share/gennodejs/ros/bebop_msgs/msg/CommonCommonStateMassStorageContent.js
Symlinking /home/rian/bebop_ws/devel/share/gennodejs/ros/bebop_msgs/msg/Ardrone3PilotingStateFlyingStateChanged.js
Symlinking /home/rian/bebop_ws/devel/share/gennodejs/ros/bebop_msgs/msg/Ardrone3NetworkStateAllWifiAuthChannelChanged.js
Symlinking /home/rian/bebop_ws/devel/share/gennodejs/ros/bebop_msgs/msg/CommonAccessoryStateAccessoryConfigModificationEnabled.js
Symlinking /home/rian/bebop_ws/devel/share/gennodejs/ros/bebop_msgs/msg/CommonMavlinkStateMavlinkPlayErrorStateChanged.js
Symlinking /home/rian/bebop_ws/devel/share/gennodejs/ros/bebop_msgs/msg/Ardrone3PilotingStatePositionChanged.js
Symlinking /home/rian/bebop_ws/devel/share/gennodejs/ros/bebop_msgs/msg/CommonFlightPlanStateLockStateChanged.js
Symlinking /home/rian/bebop_ws/devel/share/gennodejs/ros/bebop_msgs/msg/Ardrone3CameraStatedefaultCameraOrientationV2.js
Symlinking /home/rian/bebop_ws/devel/share/gennodejs/ros/bebop_msgs/msg/CommonCommonStateVideoRecordingTimestamp.js
Symlinking /home/rian/bebop_ws/devel/share/gennodejs/ros/bebop_msgs/msg/CommonCalibrationStateMagnetoCalibrationStartedChanged.js
Symlinking /home/rian/bebop_ws/devel/share/gennodejs/ros/bebop_msgs/msg/CommonRunStateRunIdChanged.js
Symlinking /home/rian/bebop_ws/devel/share/gennodejs/ros/bebop_msgs/msg/Ardrone3MediaRecordStateVideoStateChangedV2.js
Symlinking /home/rian/bebop_ws/devel/share/gennodejs/ros/bebop_msgs/msg/CommonARLibsVersionsStateControllerLibARCommandsVersion.js
Symlinking /home/rian/bebop_ws/devel/share/gennodejs/ros/bebop_msgs/msg/Ardrone3PilotingStateFlatTrimChanged.js
Symlinking /home/rian/bebop_ws/devel/share/gennodejs/ros/bebop_msgs/msg/Ardrone3CameraStateOrientation.js
Symlinking /home/rian/bebop_ws/devel/share/gennodejs/ros/bebop_msgs/msg/Ardrone3MediaRecordStatePictureStateChangedV2.js
Symlinking /home/rian/bebop_ws/devel/share/gennodejs/ros/bebop_msgs/msg/CommonMavlinkStateMissionItemExecuted.js
Symlinking /home/rian/bebop_ws/devel/share/gennodejs/ros/bebop_msgs/msg/Ardrone3GPSStateHomeTypeAvailabilityChanged.js
Symlinking /home/rian/bebop_ws/devel/share/gennodejs/ros/bebop_msgs/msg/Ardrone3NetworkStateWifiScanListChanged.js
Symlinking /home/rian/bebop_ws/devel/share/gennodejs/ros/bebop_msgs/msg/Ardrone3PilotingStateSpeedChanged.js
Symlinking /home/rian/bebop_ws/devel/share/gennodejs/ros/bebop_msgs/msg/Ardrone3CameraStateOrientationV2.js
Symlinking /home/rian/bebop_ws/devel/share/gennodejs/ros/bebop_msgs/msg/Ardrone3GPSStateNumberOfSatelliteChanged.js
Symlinking /home/rian/bebop_ws/devel/share/gennodejs/ros/bebop_msgs/msg/Ardrone3PilotingStateGpsLocationChanged.js
Symlinking /home/rian/bebop_ws/devel/share/gennodejs/ros/bebop_msgs/msg/Ardrone3PilotingStateAltitudeChanged.js
Symlinking /home/rian/bebop_ws/devel/share/gennodejs/ros/bebop_msgs/msg/Ardrone3MediaStreamingStateVideoStreamModeChanged.js
Symlinking /home/rian/bebop_ws/devel/share/gennodejs/ros/bebop_msgs/msg/CommonFlightPlanStateAvailabilityStateChanged.js
Symlinking /home/rian/bebop_ws/devel/share/gennodejs/ros/bebop_msgs/msg/CommonCommonStateSensorsStatesListChanged.js
Symlinking /home/rian/bebop_ws/devel/share/gennodejs/ros/bebop_msgs/msg/CommonCommonStateAllStatesChanged.js
Symlinking /home/rian/bebop_ws/devel/share/gennodejs/ros/bebop_msgs/msg/CommonARLibsVersionsStateDeviceLibARCommandsVersion.js
Symlinking /home/rian/bebop_ws/devel/share/gennodejs/ros/bebop_msgs/msg/Ardrone3AntiflickeringStateelectricFrequencyChanged.js
Symlinking /home/rian/bebop_ws/devel/share/gennodejs/ros/bebop_msgs/msg/CommonARLibsVersionsStateSkyControllerLibARCommandsVersion.js
Symlinking /home/rian/bebop_ws/devel/share/gennodejs/ros/bebop_msgs/msg/CommonHeadlightsStateintensityChanged.js
Symlinking /home/rian/bebop_ws/devel/share/gennodejs/ros/bebop_msgs/msg/CommonOverHeatStateOverHeatRegulationChanged.js
Symlinking /home/rian/bebop_ws/devel/share/gennodejs/ros/bebop_msgs/msg/CommonAnimationsStateList.js
Symlinking /home/rian/bebop_ws/devel/share/gennodejs/ros/bebop_msgs/msg/CommonCommonStateDeprecatedMassStorageContentChanged.js
Symlinking /home/rian/bebop_ws/devel/share/gennodejs/ros/bebop_msgs/msg/CommonChargerStateCurrentChargeStateChanged.js
Symlinking /home/rian/bebop_ws/devel/share/common-lisp/ros/bebop_msgs/msg/_package_CommonChargerStateMaxChargeRateChanged.lisp
Symlinking /home/rian/bebop_ws/devel/share/common-lisp/ros/bebop_msgs/msg/CommonHeadlightsStateintensityChanged.lisp
Symlinking /home/rian/bebop_ws/devel/share/common-lisp/ros/bebop_msgs/msg/Ardrone3MediaRecordStateVideoStateChanged.lisp
Symlinking /home/rian/bebop_ws/devel/share/common-lisp/ros/bebop_msgs/msg/_package_CommonFlightPlanStateLockStateChanged.lisp
Symlinking /home/rian/bebop_ws/devel/share/common-lisp/ros/bebop_msgs/msg/CommonCommonStateCurrentTimeChanged.lisp
Symlinking /home/rian/bebop_ws/devel/share/common-lisp/ros/bebop_msgs/msg/_package_CommonCommonStateMassStorageStateListChanged.lisp
Symlinking /home/rian/bebop_ws/devel/share/common-lisp/ros/bebop_msgs/msg/_package_Ardrone3PilotingStateAlertStateChanged.lisp
Symlinking /home/rian/bebop_ws/devel/share/common-lisp/ros/bebop_msgs/msg/_package_CommonCommonStateAllStatesChanged.lisp
Symlinking /home/rian/bebop_ws/devel/share/common-lisp/ros/bebop_msgs/msg/CommonCommonStateMassStorageStateListChanged.lisp
Symlinking /home/rian/bebop_ws/devel/share/common-lisp/ros/bebop_msgs/msg/_package_CommonCommonStateSensorsStatesListChanged.lisp
Symlinking /home/rian/bebop_ws/devel/share/common-lisp/ros/bebop_msgs/msg/CommonChargerStateMaxChargeRateChanged.lisp
Symlinking /home/rian/bebop_ws/devel/share/common-lisp/ros/bebop_msgs/msg/_package_Ardrone3CameraStateVelocityRange.lisp
Symlinking /home/rian/bebop_ws/devel/share/common-lisp/ros/bebop_msgs/msg/CommonCalibrationStateMagnetoCalibrationRequiredState.lisp
Symlinking /home/rian/bebop_ws/devel/share/common-lisp/ros/bebop_msgs/msg/_package_Ardrone3PilotingStateAutoTakeOffModeChanged.lisp
Symlinking /home/rian/bebop_ws/devel/share/common-lisp/ros/bebop_msgs/msg/_package_CommonARLibsVersionsStateDeviceLibARCommandsVersion.lisp
Symlinking /home/rian/bebop_ws/devel/share/common-lisp/ros/bebop_msgs/msg/_package_CommonCalibrationStatePitotCalibrationStateChanged.lisp
Symlinking /home/rian/bebop_ws/devel/share/common-lisp/ros/bebop_msgs/msg/_package_CommonAccessoryStateAccessoryConfigModificationEnabled.lisp
Symlinking /home/rian/bebop_ws/devel/share/common-lisp/ros/bebop_msgs/msg/_package_Ardrone3CameraStatedefaultCameraOrientationV2.lisp
Symlinking /home/rian/bebop_ws/devel/share/common-lisp/ros/bebop_msgs/msg/Ardrone3PROStateFeatures.lisp
Symlinking /home/rian/bebop_ws/devel/share/common-lisp/ros/bebop_msgs/msg/Ardrone3PilotingStateFlatTrimChanged.lisp
Symlinking /home/rian/bebop_ws/devel/share/common-lisp/ros/bebop_msgs/msg/_package_CommonAudioStateAudioStreamingRunning.lisp
Symlinking /home/rian/bebop_ws/devel/share/common-lisp/ros/bebop_msgs/msg/CommonCommonStateAllStatesChanged.lisp
Symlinking /home/rian/bebop_ws/devel/share/common-lisp/ros/bebop_msgs/msg/_package_CommonCommonStateMassStorageContentForCurrentRun.lisp
Symlinking /home/rian/bebop_ws/devel/share/common-lisp/ros/bebop_msgs/msg/CommonCommonStateProductModel.lisp
Symlinking /home/rian/bebop_ws/devel/share/common-lisp/ros/bebop_msgs/msg/_package_CommonCommonStateCurrentTimeChanged.lisp
Symlinking /home/rian/bebop_ws/devel/share/common-lisp/ros/bebop_msgs/msg/_package_Ardrone3PilotingStateAltitudeChanged.lisp
Symlinking /home/rian/bebop_ws/devel/share/common-lisp/ros/bebop_msgs/msg/Ardrone3MediaRecordStatePictureStateChangedV2.lisp
Symlinking /home/rian/bebop_ws/devel/share/common-lisp/ros/bebop_msgs/msg/_package_CommonCommonStateCurrentDateChanged.lisp
Symlinking /home/rian/bebop_ws/devel/share/common-lisp/ros/bebop_msgs/msg/Ardrone3PilotingStateAirSpeedChanged.lisp
Symlinking /home/rian/bebop_ws/devel/share/common-lisp/ros/bebop_msgs/msg/Ardrone3PilotingStatePositionChanged.lisp
Symlinking /home/rian/bebop_ws/devel/share/common-lisp/ros/bebop_msgs/msg/_package_CommonCommonStateMassStorageInfoStateListChanged.lisp
Symlinking /home/rian/bebop_ws/devel/share/common-lisp/ros/bebop_msgs/msg/CommonRunStateRunIdChanged.lisp
Symlinking /home/rian/bebop_ws/devel/share/common-lisp/ros/bebop_msgs/msg/CommonAccessoryStateAccessoryConfigModificationEnabled.lisp
Symlinking /home/rian/bebop_ws/devel/share/common-lisp/ros/bebop_msgs/msg/Ardrone3MediaRecordStateVideoStateChangedV2.lisp
Symlinking /home/rian/bebop_ws/devel/share/common-lisp/ros/bebop_msgs/msg/CommonARLibsVersionsStateSkyControllerLibARCommandsVersion.lisp
Symlinking /home/rian/bebop_ws/devel/share/common-lisp/ros/bebop_msgs/msg/Ardrone3NetworkStateWifiAuthChannelListChanged.lisp
Symlinking /home/rian/bebop_ws/devel/share/common-lisp/ros/bebop_msgs/msg/CommonARLibsVersionsStateDeviceLibARCommandsVersion.lisp
Symlinking /home/rian/bebop_ws/devel/share/common-lisp/ros/bebop_msgs/msg/_package_Ardrone3PilotingStateFlyingStateChanged.lisp
Symlinking /home/rian/bebop_ws/devel/share/common-lisp/ros/bebop_msgs/msg/CommonCalibrationStateMagnetoCalibrationStateChanged.lisp
Symlinking /home/rian/bebop_ws/devel/share/common-lisp/ros/bebop_msgs/msg/_package_Ardrone3MediaRecordStatePictureStateChanged.lisp
Symlinking /home/rian/bebop_ws/devel/share/common-lisp/ros/bebop_msgs/msg/Ardrone3NetworkStateWifiScanListChanged.lisp
Symlinking /home/rian/bebop_ws/devel/share/common-lisp/ros/bebop_msgs/msg/Ardrone3CameraStateVelocityRange.lisp
Symlinking /home/rian/bebop_ws/devel/share/common-lisp/ros/bebop_msgs/msg/Ardrone3PilotingStateAltitudeChanged.lisp
Symlinking /home/rian/bebop_ws/devel/share/common-lisp/ros/bebop_msgs/msg/_package_CommonCalibrationStateMagnetoCalibrationStartedChanged.lisp
Symlinking /home/rian/bebop_ws/devel/share/common-lisp/ros/bebop_msgs/msg/CommonFlightPlanStateLockStateChanged.lisp
Symlinking /home/rian/bebop_ws/devel/share/common-lisp/ros/bebop_msgs/msg/_package_CommonFlightPlanStateAvailabilityStateChanged.lisp
Symlinking /home/rian/bebop_ws/devel/share/common-lisp/ros/bebop_msgs/msg/Ardrone3PilotingStateGpsLocationChanged.lisp
Symlinking /home/rian/bebop_ws/devel/share/common-lisp/ros/bebop_msgs/msg/_package_Ardrone3CameraStateOrientation.lisp
Symlinking /home/rian/bebop_ws/devel/share/common-lisp/ros/bebop_msgs/msg/_package_CommonCalibrationStateMagnetoCalibrationAxisToCalibrateChanged.lisp
Symlinking /home/rian/bebop_ws/devel/share/common-lisp/ros/bebop_msgs/msg/_package_Ardrone3PilotingStateAttitudeChanged.lisp
Symlinking /home/rian/bebop_ws/devel/share/common-lisp/ros/bebop_msgs/msg/CommonCommonStateCountryListKnown.lisp
Symlinking /home/rian/bebop_ws/devel/share/common-lisp/ros/bebop_msgs/msg/Ardrone3PilotingStateSpeedChanged.lisp
Symlinking /home/rian/bebop_ws/devel/share/common-lisp/ros/bebop_msgs/msg/Ardrone3PilotingStateAlertStateChanged.lisp
Symlinking /home/rian/bebop_ws/devel/share/common-lisp/ros/bebop_msgs/msg/_package_Ardrone3GPSStateHomeTypeChosenChanged.lisp
Symlinking /home/rian/bebop_ws/devel/share/common-lisp/ros/bebop_msgs/msg/CommonCalibrationStatePitotCalibrationStateChanged.lisp
Symlinking /home/rian/bebop_ws/devel/share/common-lisp/ros/bebop_msgs/msg/CommonChargerStateLastChargeRateChanged.lisp
Symlinking /home/rian/bebop_ws/devel/share/common-lisp/ros/bebop_msgs/msg/Ardrone3CameraStatedefaultCameraOrientationV2.lisp
Symlinking /home/rian/bebop_ws/devel/share/common-lisp/ros/bebop_msgs/msg/_package_Ardrone3MediaStreamingStateVideoEnableChanged.lisp
Symlinking /home/rian/bebop_ws/devel/share/common-lisp/ros/bebop_msgs/msg/CommonCommonStateMassStorageInfoRemainingListChanged.lisp
Symlinking /home/rian/bebop_ws/devel/share/common-lisp/ros/bebop_msgs/msg/_package_CommonARLibsVersionsStateSkyControllerLibARCommandsVersion.lisp
Symlinking /home/rian/bebop_ws/devel/share/common-lisp/ros/bebop_msgs/msg/CommonFlightPlanStateAvailabilityStateChanged.lisp
Symlinking /home/rian/bebop_ws/devel/share/common-lisp/ros/bebop_msgs/msg/_package_Ardrone3PilotingStateSpeedChanged.lisp
Symlinking /home/rian/bebop_ws/devel/share/common-lisp/ros/bebop_msgs/msg/_package_CommonCommonStateDeprecatedMassStorageContentChanged.lisp
Symlinking /home/rian/bebop_ws/devel/share/common-lisp/ros/bebop_msgs/msg/CommonARLibsVersionsStateControllerLibARCommandsVersion.lisp
Symlinking /home/rian/bebop_ws/devel/share/common-lisp/ros/bebop_msgs/msg/Ardrone3CameraStatedefaultCameraOrientation.lisp
Symlinking /home/rian/bebop_ws/devel/share/common-lisp/ros/bebop_msgs/msg/Ardrone3MediaStreamingStateVideoEnableChanged.lisp
Symlinking /home/rian/bebop_ws/devel/share/common-lisp/ros/bebop_msgs/msg/_package_CommonARLibsVersionsStateControllerLibARCommandsVersion.lisp
Symlinking /home/rian/bebop_ws/devel/share/common-lisp/ros/bebop_msgs/msg/Ardrone3PilotingStateAutoTakeOffModeChanged.lisp
Symlinking /home/rian/bebop_ws/devel/share/common-lisp/ros/bebop_msgs/msg/_package_Ardrone3PilotingStateNavigateHomeStateChanged.lisp
Symlinking /home/rian/bebop_ws/devel/share/common-lisp/ros/bebop_msgs/msg/Ardrone3AntiflickeringStatemodeChanged.lisp
Symlinking /home/rian/bebop_ws/devel/share/common-lisp/ros/bebop_msgs/msg/_package_CommonMavlinkStateMissionItemExecuted.lisp
Symlinking /home/rian/bebop_ws/devel/share/common-lisp/ros/bebop_msgs/msg/_package_Ardrone3NetworkStateWifiAuthChannelListChanged.lisp
Symlinking /home/rian/bebop_ws/devel/share/common-lisp/ros/bebop_msgs/msg/_package_Ardrone3PROStateFeatures.lisp
Symlinking /home/rian/bebop_ws/devel/share/common-lisp/ros/bebop_msgs/msg/_package_Ardrone3NetworkStateWifiScanListChanged.lisp
Symlinking /home/rian/bebop_ws/devel/share/common-lisp/ros/bebop_msgs/msg/CommonCommonStateCurrentDateChanged.lisp
Symlinking /home/rian/bebop_ws/devel/share/common-lisp/ros/bebop_msgs/msg/bebop_msgs-msg.asd
Symlinking /home/rian/bebop_ws/devel/share/common-lisp/ros/bebop_msgs/msg/CommonOverHeatStateOverHeatChanged.lisp
Symlinking /home/rian/bebop_ws/devel/share/common-lisp/ros/bebop_msgs/msg/_package_CommonRunStateRunIdChanged.lisp
Symlinking /home/rian/bebop_ws/devel/share/common-lisp/ros/bebop_msgs/msg/CommonAccessoryStateAccessoryConfigChanged.lisp
Symlinking /home/rian/bebop_ws/devel/share/common-lisp/ros/bebop_msgs/msg/_package_Ardrone3MediaRecordStatePictureStateChangedV2.lisp
Symlinking /home/rian/bebop_ws/devel/share/common-lisp/ros/bebop_msgs/msg/CommonCommonStateMassStorageContentForCurrentRun.lisp
Symlinking /home/rian/bebop_ws/devel/share/common-lisp/ros/bebop_msgs/msg/_package_CommonChargerStateChargingInfo.lisp
Symlinking /home/rian/bebop_ws/devel/share/common-lisp/ros/bebop_msgs/msg/_package_CommonMavlinkStateMavlinkPlayErrorStateChanged.lisp
Symlinking /home/rian/bebop_ws/devel/share/common-lisp/ros/bebop_msgs/msg/_package_CommonChargerStateCurrentChargeStateChanged.lisp
Symlinking /home/rian/bebop_ws/devel/share/common-lisp/ros/bebop_msgs/msg/_package_Ardrone3MediaRecordStateVideoStateChangedV2.lisp
Symlinking /home/rian/bebop_ws/devel/share/common-lisp/ros/bebop_msgs/msg/_package_Ardrone3PilotingStatePositionChanged.lisp
Symlinking /home/rian/bebop_ws/devel/share/common-lisp/ros/bebop_msgs/msg/Ardrone3MediaRecordStateVideoResolutionState.lisp
Symlinking /home/rian/bebop_ws/devel/share/common-lisp/ros/bebop_msgs/msg/_package_Ardrone3AccessoryStateConnectedAccessories.lisp
Symlinking /home/rian/bebop_ws/devel/share/common-lisp/ros/bebop_msgs/msg/CommonMavlinkStateMissionItemExecuted.lisp
Symlinking /home/rian/bebop_ws/devel/share/common-lisp/ros/bebop_msgs/msg/_package_CommonOverHeatStateOverHeatRegulationChanged.lisp
Symlinking /home/rian/bebop_ws/devel/share/common-lisp/ros/bebop_msgs/msg/_package_Ardrone3AntiflickeringStatemodeChanged.lisp
Symlinking /home/rian/bebop_ws/devel/share/common-lisp/ros/bebop_msgs/msg/_package_CommonMavlinkStateMavlinkFilePlayingStateChanged.lisp
Symlinking /home/rian/bebop_ws/devel/share/common-lisp/ros/bebop_msgs/msg/_package_Ardrone3GPSStateNumberOfSatelliteChanged.lisp
Symlinking /home/rian/bebop_ws/devel/share/common-lisp/ros/bebop_msgs/msg/_package_Ardrone3NetworkStateAllWifiAuthChannelChanged.lisp
Symlinking /home/rian/bebop_ws/devel/share/common-lisp/ros/bebop_msgs/msg/CommonCommonStateMassStorageInfoStateListChanged.lisp
Symlinking /home/rian/bebop_ws/devel/share/common-lisp/ros/bebop_msgs/msg/Ardrone3AccessoryStateConnectedAccessories.lisp
Symlinking /home/rian/bebop_ws/devel/share/common-lisp/ros/bebop_msgs/msg/_package_CommonHeadlightsStateintensityChanged.lisp
Symlinking /home/rian/bebop_ws/devel/share/common-lisp/ros/bebop_msgs/msg/CommonCommonStateWifiSignalChanged.lisp
Symlinking /home/rian/bebop_ws/devel/share/common-lisp/ros/bebop_msgs/msg/CommonCommonStateSensorsStatesListChanged.lisp
Symlinking /home/rian/bebop_ws/devel/share/common-lisp/ros/bebop_msgs/msg/Ardrone3MediaRecordStatePictureStateChanged.lisp
Symlinking /home/rian/bebop_ws/devel/share/common-lisp/ros/bebop_msgs/msg/CommonCommonStateDeprecatedMassStorageContentChanged.lisp
Symlinking /home/rian/bebop_ws/devel/share/common-lisp/ros/bebop_msgs/msg/Ardrone3PilotingStateLandingStateChanged.lisp
Symlinking /home/rian/bebop_ws/devel/share/common-lisp/ros/bebop_msgs/msg/CommonCommonStateBatteryStateChanged.lisp
Symlinking /home/rian/bebop_ws/devel/share/common-lisp/ros/bebop_msgs/msg/_package_CommonCommonStateVideoRecordingTimestamp.lisp
Symlinking /home/rian/bebop_ws/devel/share/common-lisp/ros/bebop_msgs/msg/CommonCalibrationStateMagnetoCalibrationAxisToCalibrateChanged.lisp
Symlinking /home/rian/bebop_ws/devel/share/common-lisp/ros/bebop_msgs/msg/CommonAccessoryStateSupportedAccessoriesListChanged.lisp
Symlinking /home/rian/bebop_ws/devel/share/common-lisp/ros/bebop_msgs/msg/Ardrone3PilotingStateAttitudeChanged.lisp
Symlinking /home/rian/bebop_ws/devel/share/common-lisp/ros/bebop_msgs/msg/_package_Ardrone3PilotingStateAirSpeedChanged.lisp
Symlinking /home/rian/bebop_ws/devel/share/common-lisp/ros/bebop_msgs/msg/CommonMavlinkStateMavlinkPlayErrorStateChanged.lisp
Symlinking /home/rian/bebop_ws/devel/share/common-lisp/ros/bebop_msgs/msg/_package_Ardrone3MediaStreamingStateVideoStreamModeChanged.lisp
Symlinking /home/rian/bebop_ws/devel/share/common-lisp/ros/bebop_msgs/msg/_package_CommonOverHeatStateOverHeatChanged.lisp
Symlinking /home/rian/bebop_ws/devel/share/common-lisp/ros/bebop_msgs/msg/_package_CommonCommonStateMassStorageInfoRemainingListChanged.lisp
Symlinking /home/rian/bebop_ws/devel/share/common-lisp/ros/bebop_msgs/msg/_package_CommonChargerStateLastChargeRateChanged.lisp
Symlinking /home/rian/bebop_ws/devel/share/common-lisp/ros/bebop_msgs/msg/_package_CommonCommonStateProductModel.lisp
Symlinking /home/rian/bebop_ws/devel/share/common-lisp/ros/bebop_msgs/msg/_package_CommonAccessoryStateSupportedAccessoriesListChanged.lisp
Symlinking /home/rian/bebop_ws/devel/share/common-lisp/ros/bebop_msgs/msg/_package_Ardrone3MediaRecordStateVideoResolutionState.lisp
Symlinking /home/rian/bebop_ws/devel/share/common-lisp/ros/bebop_msgs/msg/Ardrone3PilotingStatemoveToChanged.lisp
Symlinking /home/rian/bebop_ws/devel/share/common-lisp/ros/bebop_msgs/msg/_package.lisp
Symlinking /home/rian/bebop_ws/devel/share/common-lisp/ros/bebop_msgs/msg/Ardrone3AntiflickeringStateelectricFrequencyChanged.lisp
Symlinking /home/rian/bebop_ws/devel/share/common-lisp/ros/bebop_msgs/msg/_package_CommonCommonStateBatteryStateChanged.lisp
Symlinking /home/rian/bebop_ws/devel/share/common-lisp/ros/bebop_msgs/msg/_package_Ardrone3PilotingStateLandingStateChanged.lisp
Symlinking /home/rian/bebop_ws/devel/share/common-lisp/ros/bebop_msgs/msg/_package_CommonCommonStateCountryListKnown.lisp
Symlinking /home/rian/bebop_ws/devel/share/common-lisp/ros/bebop_msgs/msg/_package_Ardrone3GPSStateHomeTypeAvailabilityChanged.lisp
Symlinking /home/rian/bebop_ws/devel/share/common-lisp/ros/bebop_msgs/msg/CommonMavlinkStateMavlinkFilePlayingStateChanged.lisp
Symlinking /home/rian/bebop_ws/devel/share/common-lisp/ros/bebop_msgs/msg/_package_Ardrone3MediaRecordStateVideoStateChanged.lisp
Symlinking /home/rian/bebop_ws/devel/share/common-lisp/ros/bebop_msgs/msg/CommonAnimationsStateList.lisp
Symlinking /home/rian/bebop_ws/devel/share/common-lisp/ros/bebop_msgs/msg/_package_Ardrone3AntiflickeringStateelectricFrequencyChanged.lisp
Symlinking /home/rian/bebop_ws/devel/share/common-lisp/ros/bebop_msgs/msg/CommonCommonStateMassStorageContent.lisp
Symlinking /home/rian/bebop_ws/devel/share/common-lisp/ros/bebop_msgs/msg/Ardrone3MediaStreamingStateVideoStreamModeChanged.lisp
Symlinking /home/rian/bebop_ws/devel/share/common-lisp/ros/bebop_msgs/msg/CommonChargerStateCurrentChargeStateChanged.lisp
Symlinking /home/rian/bebop_ws/devel/share/common-lisp/ros/bebop_msgs/msg/Ardrone3PilotingStateNavigateHomeStateChanged.lisp
Symlinking /home/rian/bebop_ws/devel/share/common-lisp/ros/bebop_msgs/msg/_package_CommonFlightPlanStateComponentStateListChanged.lisp
Symlinking /home/rian/bebop_ws/devel/share/common-lisp/ros/bebop_msgs/msg/_package_Ardrone3PilotingStatemoveToChanged.lisp
Symlinking /home/rian/bebop_ws/devel/share/common-lisp/ros/bebop_msgs/msg/_package_Ardrone3CameraStatedefaultCameraOrientation.lisp
Symlinking /home/rian/bebop_ws/devel/share/common-lisp/ros/bebop_msgs/msg/_package_Ardrone3CameraStateOrientationV2.lisp
Symlinking /home/rian/bebop_ws/devel/share/common-lisp/ros/bebop_msgs/msg/Ardrone3NetworkStateAllWifiAuthChannelChanged.lisp
Symlinking /home/rian/bebop_ws/devel/share/common-lisp/ros/bebop_msgs/msg/Ardrone3NetworkStateAllWifiScanChanged.lisp
Symlinking /home/rian/bebop_ws/devel/share/common-lisp/ros/bebop_msgs/msg/CommonCommonStateVideoRecordingTimestamp.lisp
Symlinking /home/rian/bebop_ws/devel/share/common-lisp/ros/bebop_msgs/msg/_package_CommonCalibrationStateMagnetoCalibrationStateChanged.lisp
Symlinking /home/rian/bebop_ws/devel/share/common-lisp/ros/bebop_msgs/msg/_package_Ardrone3PilotingStateGpsLocationChanged.lisp
Symlinking /home/rian/bebop_ws/devel/share/common-lisp/ros/bebop_msgs/msg/Ardrone3GPSStateHomeTypeAvailabilityChanged.lisp
Symlinking /home/rian/bebop_ws/devel/share/common-lisp/ros/bebop_msgs/msg/Ardrone3PilotingStateFlyingStateChanged.lisp
Symlinking /home/rian/bebop_ws/devel/share/common-lisp/ros/bebop_msgs/msg/Ardrone3GPSStateNumberOfSatelliteChanged.lisp
Symlinking /home/rian/bebop_ws/devel/share/common-lisp/ros/bebop_msgs/msg/Ardrone3GPSStateHomeTypeChosenChanged.lisp
Symlinking /home/rian/bebop_ws/devel/share/common-lisp/ros/bebop_msgs/msg/_package_CommonAccessoryStateAccessoryConfigChanged.lisp
Symlinking /home/rian/bebop_ws/devel/share/common-lisp/ros/bebop_msgs/msg/CommonChargerStateChargingInfo.lisp
Symlinking /home/rian/bebop_ws/devel/share/common-lisp/ros/bebop_msgs/msg/_package_CommonCommonStateMassStorageContent.lisp
Symlinking /home/rian/bebop_ws/devel/share/common-lisp/ros/bebop_msgs/msg/CommonCalibrationStateMagnetoCalibrationStartedChanged.lisp
Symlinking /home/rian/bebop_ws/devel/share/common-lisp/ros/bebop_msgs/msg/Ardrone3CameraStateOrientation.lisp
Symlinking /home/rian/bebop_ws/devel/share/common-lisp/ros/bebop_msgs/msg/_package_CommonCalibrationStateMagnetoCalibrationRequiredState.lisp
Symlinking /home/rian/bebop_ws/devel/share/common-lisp/ros/bebop_msgs/msg/_package_Ardrone3NetworkStateAllWifiScanChanged.lisp
Symlinking /home/rian/bebop_ws/devel/share/common-lisp/ros/bebop_msgs/msg/CommonOverHeatStateOverHeatRegulationChanged.lisp
Symlinking /home/rian/bebop_ws/devel/share/common-lisp/ros/bebop_msgs/msg/_package_Ardrone3PilotingStateFlatTrimChanged.lisp
Symlinking /home/rian/bebop_ws/devel/share/common-lisp/ros/bebop_msgs/msg/_package_CommonAnimationsStateList.lisp
Symlinking /home/rian/bebop_ws/devel/share/common-lisp/ros/bebop_msgs/msg/Ardrone3CameraStateOrientationV2.lisp
Symlinking /home/rian/bebop_ws/devel/share/common-lisp/ros/bebop_msgs/msg/CommonAudioStateAudioStreamingRunning.lisp
Symlinking /home/rian/bebop_ws/devel/share/common-lisp/ros/bebop_msgs/msg/_package_CommonCommonStateWifiSignalChanged.lisp
Symlinking /home/rian/bebop_ws/devel/share/common-lisp/ros/bebop_msgs/msg/CommonFlightPlanStateComponentStateListChanged.lisp
