[  0%] Built target _bebop_msgs_generate_messages_check_deps_CommonHeadlightsStateintensityChanged
[  0%] Built target _bebop_msgs_generate_messages_check_deps_Ardrone3NetworkStateAllWifiScanChanged
[  0%] Built target _bebop_msgs_generate_messages_check_deps_CommonChargerStateChargingInfo
[  0%] Built target _bebop_msgs_generate_messages_check_deps_CommonAnimationsStateList
[  0%] Built target _bebop_msgs_generate_messages_check_deps_Ardrone3NetworkStateWifiAuthChannelListChanged
[  0%] Built target _bebop_msgs_generate_messages_check_deps_CommonCommonStateMassStorageContentForCurrentRun
[  0%] Built target _bebop_msgs_generate_messages_check_deps_CommonCommonStateProductModel
[  0%] Built target _bebop_msgs_generate_messages_check_deps_Ardrone3PilotingStateAlertStateChanged
[  0%] Built target _bebop_msgs_generate_messages_check_deps_CommonAccessoryStateAccessoryConfigModificationEnabled
[  0%] Built target _bebop_msgs_generate_messages_check_deps_Ardrone3GPSStateNumberOfSatelliteChanged
[  0%] Built target _bebop_msgs_generate_messages_check_deps_CommonCommonStateMassStorageInfoStateListChanged
[  0%] Built target _bebop_msgs_generate_messages_check_deps_CommonChargerStateMaxChargeRateChanged
[  0%] Built target _bebop_msgs_generate_messages_check_deps_CommonCommonStateWifiSignalChanged
[  0%] Built target _bebop_msgs_generate_messages_check_deps_Ardrone3GPSStateHomeTypeAvailabilityChanged
[  0%] Built target _bebop_msgs_generate_messages_check_deps_Ardrone3MediaRecordStateVideoStateChanged
[  0%] Built target _bebop_msgs_generate_messages_check_deps_CommonMavlinkStateMavlinkPlayErrorStateChanged
[  0%] Built target _bebop_msgs_generate_messages_check_deps_Ardrone3PROStateFeatures
[  0%] Built target _bebop_msgs_generate_messages_check_deps_Ardrone3MediaRecordStateVideoStateChangedV2
[  0%] Built target _bebop_msgs_generate_messages_check_deps_CommonAccessoryStateAccessoryConfigChanged
[  0%] Built target _bebop_msgs_generate_messages_check_deps_CommonCommonStateCountryListKnown
[  0%] Built target _bebop_msgs_generate_messages_check_deps_Ardrone3PilotingStateAutoTakeOffModeChanged
[  0%] Built target _bebop_msgs_generate_messages_check_deps_Ardrone3PilotingStateAttitudeChanged
[  0%] Built target _bebop_msgs_generate_messages_check_deps_Ardrone3PilotingStateFlatTrimChanged
[  0%] Built target _bebop_msgs_generate_messages_check_deps_CommonOverHeatStateOverHeatChanged
[  0%] Built target _bebop_msgs_generate_messages_check_deps_CommonFlightPlanStateLockStateChanged
[  0%] Built target _bebop_msgs_generate_messages_check_deps_Ardrone3PilotingStateGpsLocationChanged
[  0%] Built target _bebop_msgs_generate_messages_check_deps_Ardrone3PilotingStateFlyingStateChanged
[  0%] Built target _bebop_msgs_generate_messages_check_deps_CommonCommonStateSensorsStatesListChanged
[  0%] Built target _bebop_msgs_generate_messages_check_deps_CommonARLibsVersionsStateControllerLibARCommandsVersion
[  0%] Built target _bebop_msgs_generate_messages_check_deps_CommonOverHeatStateOverHeatRegulationChanged
[  0%] Built target _bebop_msgs_generate_messages_check_deps_CommonChargerStateCurrentChargeStateChanged
[  0%] Built target _bebop_msgs_generate_messages_check_deps_Ardrone3CameraStateVelocityRange
[  0%] Built target _bebop_msgs_generate_messages_check_deps_CommonCommonStateBatteryStateChanged
[  0%] Built target _bebop_msgs_generate_messages_check_deps_Ardrone3NetworkStateWifiScanListChanged
[  0%] Built target _bebop_msgs_generate_messages_check_deps_Ardrone3PilotingStatePositionChanged
[  0%] Built target _bebop_msgs_generate_messages_check_deps_Ardrone3PilotingStateLandingStateChanged
[  0%] Built target _bebop_msgs_generate_messages_check_deps_Ardrone3PilotingStatemoveToChanged
[  0%] Built target _bebop_msgs_generate_messages_check_deps_CommonFlightPlanStateComponentStateListChanged
[  0%] Built target _bebop_msgs_generate_messages_check_deps_CommonCommonStateVideoRecordingTimestamp
[  0%] Built target _bebop_msgs_generate_messages_check_deps_CommonCommonStateAllStatesChanged
[  0%] Built target _bebop_msgs_generate_messages_check_deps_CommonARLibsVersionsStateSkyControllerLibARCommandsVersion
[  0%] Built target _bebop_msgs_generate_messages_check_deps_Ardrone3AntiflickeringStateelectricFrequencyChanged
[  0%] Built target _bebop_msgs_generate_messages_check_deps_Ardrone3MediaStreamingStateVideoStreamModeChanged
[  0%] Built target _bebop_msgs_generate_messages_check_deps_CommonMavlinkStateMissionItemExecuted
[  0%] Built target std_msgs_generate_messages_lisp
[  0%] Built target _bebop_msgs_generate_messages_check_deps_Ardrone3PilotingStateNavigateHomeStateChanged
[  0%] Built target _bebop_msgs_generate_messages_check_deps_CommonCalibrationStateMagnetoCalibrationStartedChanged
[  0%] Built target _bebop_msgs_generate_messages_check_deps_CommonARLibsVersionsStateDeviceLibARCommandsVersion
[  0%] Built target _bebop_msgs_generate_messages_check_deps_CommonCalibrationStatePitotCalibrationStateChanged
[  0%] Built target _bebop_msgs_generate_messages_check_deps_Ardrone3MediaStreamingStateVideoEnableChanged
[  0%] Built target _bebop_msgs_generate_messages_check_deps_Ardrone3PilotingStateAirSpeedChanged
[  0%] Built target _bebop_msgs_generate_messages_check_deps_CommonCommonStateMassStorageInfoRemainingListChanged
[  0%] Built target _bebop_msgs_generate_messages_check_deps_CommonAudioStateAudioStreamingRunning
[  0%] Built target _bebop_msgs_generate_messages_check_deps_Ardrone3MediaRecordStateVideoResolutionState
[  0%] Built target _bebop_msgs_generate_messages_check_deps_Ardrone3AntiflickeringStatemodeChanged
[  0%] Built target _bebop_msgs_generate_messages_check_deps_CommonChargerStateLastChargeRateChanged
[  0%] Built target _bebop_msgs_generate_messages_check_deps_Ardrone3MediaRecordStatePictureStateChanged
[  0%] Built target _bebop_msgs_generate_messages_check_deps_Ardrone3GPSStateHomeTypeChosenChanged
[  0%] Built target _bebop_msgs_generate_messages_check_deps_CommonCommonStateDeprecatedMassStorageContentChanged
[  0%] Built target _bebop_msgs_generate_messages_check_deps_Ardrone3CameraStateOrientationV2
[  0%] Built target _bebop_msgs_generate_messages_check_deps_CommonCalibrationStateMagnetoCalibrationRequiredState
[  0%] Built target _bebop_msgs_generate_messages_check_deps_CommonCalibrationStateMagnetoCalibrationAxisToCalibrateChanged
[  0%] Built target _bebop_msgs_generate_messages_check_deps_CommonFlightPlanStateAvailabilityStateChanged
[  0%] Built target _bebop_msgs_generate_messages_check_deps_Ardrone3PilotingStateAltitudeChanged
[  0%] Built target _bebop_msgs_generate_messages_check_deps_CommonCalibrationStateMagnetoCalibrationStateChanged
[  0%] Built target _bebop_msgs_generate_messages_check_deps_CommonCommonStateCurrentDateChanged
[  0%] Built target _bebop_msgs_generate_messages_check_deps_Ardrone3MediaRecordStatePictureStateChangedV2
[  0%] Built target _bebop_msgs_generate_messages_check_deps_Ardrone3AccessoryStateConnectedAccessories
[  0%] Built target _bebop_msgs_generate_messages_check_deps_CommonRunStateRunIdChanged
[  0%] Built target _bebop_msgs_generate_messages_check_deps_Ardrone3CameraStateOrientation
[  0%] Built target _bebop_msgs_generate_messages_check_deps_Ardrone3CameraStatedefaultCameraOrientationV2
[  0%] Built target _bebop_msgs_generate_messages_check_deps_Ardrone3CameraStatedefaultCameraOrientation
[  0%] Built target _bebop_msgs_generate_messages_check_deps_Ardrone3NetworkStateAllWifiAuthChannelChanged
[  0%] Built target _bebop_msgs_generate_messages_check_deps_CommonCommonStateCurrentTimeChanged
[  0%] Built target _bebop_msgs_generate_messages_check_deps_CommonCommonStateMassStorageStateListChanged
[  0%] Built target _bebop_msgs_generate_messages_check_deps_CommonAccessoryStateSupportedAccessoriesListChanged
[  0%] Built target _bebop_msgs_generate_messages_check_deps_CommonCommonStateMassStorageContent
[  0%] Built target std_msgs_generate_messages_nodejs
[  0%] Built target std_msgs_generate_messages_eus
[  0%] Built target std_msgs_generate_messages_cpp
[  0%] Built target std_msgs_generate_messages_py
[  0%] Built target _bebop_msgs_generate_messages_check_deps_Ardrone3PilotingStateSpeedChanged
[  0%] Built target _bebop_msgs_generate_messages_check_deps_CommonMavlinkStateMavlinkFilePlayingStateChanged
[ 26%] Built target bebop_msgs_generate_messages_lisp
[ 40%] Built target bebop_msgs_generate_messages_nodejs
[ 59%] Built target bebop_msgs_generate_messages_cpp
[ 79%] Built target bebop_msgs_generate_messages_eus
[100%] Built target bebop_msgs_generate_messages_py
[100%] Built target bebop_msgs_generate_messages
