Determining if the pthread_create exist failed with the following output:
Change Dir: /home/rian/Documents/BosRepo/bebop_ws/build/bebop_description/CMakeFiles/CMakeTmp

Run Build Command:"/usr/bin/make" "cmTC_f1a2a/fast"
/usr/bin/make -f CMakeFiles/cmTC_f1a2a.dir/build.make CMakeFiles/cmTC_f1a2a.dir/build
make[1]: Entering directory '/home/rian/Documents/BosRepo/bebop_ws/build/bebop_description/CMakeFiles/CMakeTmp'
Building C object CMakeFiles/cmTC_f1a2a.dir/CheckSymbolExists.c.o
/usr/bin/cc     -o CMakeFiles/cmTC_f1a2a.dir/CheckSymbolExists.c.o   -c /home/rian/Documents/BosRepo/bebop_ws/build/bebop_description/CMakeFiles/CMakeTmp/CheckSymbolExists.c
Linking C executable cmTC_f1a2a
/usr/bin/cmake -E cmake_link_script CMakeFiles/cmTC_f1a2a.dir/link.txt --verbose=1
/usr/bin/cc       CMakeFiles/cmTC_f1a2a.dir/CheckSymbolExists.c.o  -o cmTC_f1a2a -rdynamic 
CMakeFiles/cmTC_f1a2a.dir/CheckSymbolExists.c.o: In function `main':
CheckSymbolExists.c:(.text+0x16): undefined reference to `pthread_create'
collect2: error: ld returned 1 exit status
CMakeFiles/cmTC_f1a2a.dir/build.make:97: recipe for target 'cmTC_f1a2a' failed
make[1]: *** [cmTC_f1a2a] Error 1
make[1]: Leaving directory '/home/rian/Documents/BosRepo/bebop_ws/build/bebop_description/CMakeFiles/CMakeTmp'
Makefile:126: recipe for target 'cmTC_f1a2a/fast' failed
make: *** [cmTC_f1a2a/fast] Error 2

File /home/rian/Documents/BosRepo/bebop_ws/build/bebop_description/CMakeFiles/CMakeTmp/CheckSymbolExists.c:
/* */
#include <pthread.h>

int main(int argc, char** argv)
{
  (void)argv;
#ifndef pthread_create
  return ((int*)(&pthread_create))[argc];
#else
  (void)argc;
  return 0;
#endif
}

Determining if the function pthread_create exists in the pthreads failed with the following output:
Change Dir: /home/rian/Documents/BosRepo/bebop_ws/build/bebop_description/CMakeFiles/CMakeTmp

Run Build Command:"/usr/bin/make" "cmTC_4367e/fast"
/usr/bin/make -f CMakeFiles/cmTC_4367e.dir/build.make CMakeFiles/cmTC_4367e.dir/build
make[1]: Entering directory '/home/rian/Documents/BosRepo/bebop_ws/build/bebop_description/CMakeFiles/CMakeTmp'
Building C object CMakeFiles/cmTC_4367e.dir/CheckFunctionExists.c.o
/usr/bin/cc    -DCHECK_FUNCTION_EXISTS=pthread_create   -o CMakeFiles/cmTC_4367e.dir/CheckFunctionExists.c.o   -c /usr/share/cmake-3.5/Modules/CheckFunctionExists.c
Linking C executable cmTC_4367e
/usr/bin/cmake -E cmake_link_script CMakeFiles/cmTC_4367e.dir/link.txt --verbose=1
/usr/bin/cc   -DCHECK_FUNCTION_EXISTS=pthread_create    CMakeFiles/cmTC_4367e.dir/CheckFunctionExists.c.o  -o cmTC_4367e -rdynamic -lpthreads 
/usr/bin/ld: cannot find -lpthreads
collect2: error: ld returned 1 exit status
CMakeFiles/cmTC_4367e.dir/build.make:97: recipe for target 'cmTC_4367e' failed
make[1]: *** [cmTC_4367e] Error 1
make[1]: Leaving directory '/home/rian/Documents/BosRepo/bebop_ws/build/bebop_description/CMakeFiles/CMakeTmp'
Makefile:126: recipe for target 'cmTC_4367e/fast' failed
make: *** [cmTC_4367e/fast] Error 2


