Determining if the pthread_create exist failed with the following output:
Change Dir: /home/rian/bebop_ws/build/bebop_tools/CMakeFiles/CMakeTmp

Run Build Command:"/usr/bin/make" "cmTC_3dffe/fast"
/usr/bin/make -f CMakeFiles/cmTC_3dffe.dir/build.make CMakeFiles/cmTC_3dffe.dir/build
make[1]: Entering directory '/home/rian/bebop_ws/build/bebop_tools/CMakeFiles/CMakeTmp'
Building C object CMakeFiles/cmTC_3dffe.dir/CheckSymbolExists.c.o
/usr/bin/cc     -o CMakeFiles/cmTC_3dffe.dir/CheckSymbolExists.c.o   -c /home/rian/bebop_ws/build/bebop_tools/CMakeFiles/CMakeTmp/CheckSymbolExists.c
Linking C executable cmTC_3dffe
/usr/bin/cmake -E cmake_link_script CMakeFiles/cmTC_3dffe.dir/link.txt --verbose=1
/usr/bin/cc       CMakeFiles/cmTC_3dffe.dir/CheckSymbolExists.c.o  -o cmTC_3dffe -rdynamic 
CMakeFiles/cmTC_3dffe.dir/CheckSymbolExists.c.o: In function `main':
CheckSymbolExists.c:(.text+0x16): undefined reference to `pthread_create'
collect2: error: ld returned 1 exit status
CMakeFiles/cmTC_3dffe.dir/build.make:97: recipe for target 'cmTC_3dffe' failed
make[1]: *** [cmTC_3dffe] Error 1
make[1]: Leaving directory '/home/rian/bebop_ws/build/bebop_tools/CMakeFiles/CMakeTmp'
Makefile:126: recipe for target 'cmTC_3dffe/fast' failed
make: *** [cmTC_3dffe/fast] Error 2

File /home/rian/bebop_ws/build/bebop_tools/CMakeFiles/CMakeTmp/CheckSymbolExists.c:
/* */
#include <pthread.h>

int main(int argc, char** argv)
{
  (void)argv;
#ifndef pthread_create
  return ((int*)(&pthread_create))[argc];
#else
  (void)argc;
  return 0;
#endif
}

Determining if the function pthread_create exists in the pthreads failed with the following output:
Change Dir: /home/rian/bebop_ws/build/bebop_tools/CMakeFiles/CMakeTmp

Run Build Command:"/usr/bin/make" "cmTC_2bcb7/fast"
/usr/bin/make -f CMakeFiles/cmTC_2bcb7.dir/build.make CMakeFiles/cmTC_2bcb7.dir/build
make[1]: Entering directory '/home/rian/bebop_ws/build/bebop_tools/CMakeFiles/CMakeTmp'
Building C object CMakeFiles/cmTC_2bcb7.dir/CheckFunctionExists.c.o
/usr/bin/cc    -DCHECK_FUNCTION_EXISTS=pthread_create   -o CMakeFiles/cmTC_2bcb7.dir/CheckFunctionExists.c.o   -c /usr/share/cmake-3.5/Modules/CheckFunctionExists.c
Linking C executable cmTC_2bcb7
/usr/bin/cmake -E cmake_link_script CMakeFiles/cmTC_2bcb7.dir/link.txt --verbose=1
/usr/bin/cc   -DCHECK_FUNCTION_EXISTS=pthread_create    CMakeFiles/cmTC_2bcb7.dir/CheckFunctionExists.c.o  -o cmTC_2bcb7 -rdynamic -lpthreads 
/usr/bin/ld: cannot find -lpthreads
collect2: error: ld returned 1 exit status
CMakeFiles/cmTC_2bcb7.dir/build.make:97: recipe for target 'cmTC_2bcb7' failed
make[1]: *** [cmTC_2bcb7] Error 1
make[1]: Leaving directory '/home/rian/bebop_ws/build/bebop_tools/CMakeFiles/CMakeTmp'
Makefile:126: recipe for target 'cmTC_2bcb7/fast' failed
make: *** [cmTC_2bcb7/fast] Error 2


