Determining if the pthread_create exist failed with the following output:
Change Dir: /home/rian/bebop_ws/build/bebop_driver/CMakeFiles/CMakeTmp

Run Build Command:"/usr/bin/make" "cmTC_a34ae/fast"
/usr/bin/make -f CMakeFiles/cmTC_a34ae.dir/build.make CMakeFiles/cmTC_a34ae.dir/build
make[1]: Entering directory '/home/rian/bebop_ws/build/bebop_driver/CMakeFiles/CMakeTmp'
Building C object CMakeFiles/cmTC_a34ae.dir/CheckSymbolExists.c.o
/usr/bin/cc     -o CMakeFiles/cmTC_a34ae.dir/CheckSymbolExists.c.o   -c /home/rian/bebop_ws/build/bebop_driver/CMakeFiles/CMakeTmp/CheckSymbolExists.c
Linking C executable cmTC_a34ae
/usr/bin/cmake -E cmake_link_script CMakeFiles/cmTC_a34ae.dir/link.txt --verbose=1
/usr/bin/cc       CMakeFiles/cmTC_a34ae.dir/CheckSymbolExists.c.o  -o cmTC_a34ae -rdynamic 
CMakeFiles/cmTC_a34ae.dir/CheckSymbolExists.c.o: In function `main':
CheckSymbolExists.c:(.text+0x16): undefined reference to `pthread_create'
collect2: error: ld returned 1 exit status
CMakeFiles/cmTC_a34ae.dir/build.make:97: recipe for target 'cmTC_a34ae' failed
make[1]: *** [cmTC_a34ae] Error 1
make[1]: Leaving directory '/home/rian/bebop_ws/build/bebop_driver/CMakeFiles/CMakeTmp'
Makefile:126: recipe for target 'cmTC_a34ae/fast' failed
make: *** [cmTC_a34ae/fast] Error 2

File /home/rian/bebop_ws/build/bebop_driver/CMakeFiles/CMakeTmp/CheckSymbolExists.c:
/* */
#include <pthread.h>

int main(int argc, char** argv)
{
  (void)argv;
#ifndef pthread_create
  return ((int*)(&pthread_create))[argc];
#else
  (void)argc;
  return 0;
#endif
}

Determining if the function pthread_create exists in the pthreads failed with the following output:
Change Dir: /home/rian/bebop_ws/build/bebop_driver/CMakeFiles/CMakeTmp

Run Build Command:"/usr/bin/make" "cmTC_dd59d/fast"
/usr/bin/make -f CMakeFiles/cmTC_dd59d.dir/build.make CMakeFiles/cmTC_dd59d.dir/build
make[1]: Entering directory '/home/rian/bebop_ws/build/bebop_driver/CMakeFiles/CMakeTmp'
Building C object CMakeFiles/cmTC_dd59d.dir/CheckFunctionExists.c.o
/usr/bin/cc    -DCHECK_FUNCTION_EXISTS=pthread_create   -o CMakeFiles/cmTC_dd59d.dir/CheckFunctionExists.c.o   -c /usr/share/cmake-3.5/Modules/CheckFunctionExists.c
Linking C executable cmTC_dd59d
/usr/bin/cmake -E cmake_link_script CMakeFiles/cmTC_dd59d.dir/link.txt --verbose=1
/usr/bin/cc   -DCHECK_FUNCTION_EXISTS=pthread_create    CMakeFiles/cmTC_dd59d.dir/CheckFunctionExists.c.o  -o cmTC_dd59d -rdynamic -lpthreads 
/usr/bin/ld: cannot find -lpthreads
collect2: error: ld returned 1 exit status
CMakeFiles/cmTC_dd59d.dir/build.make:97: recipe for target 'cmTC_dd59d' failed
make[1]: *** [cmTC_dd59d] Error 1
make[1]: Leaving directory '/home/rian/bebop_ws/build/bebop_driver/CMakeFiles/CMakeTmp'
Makefile:126: recipe for target 'cmTC_dd59d/fast' failed
make: *** [cmTC_dd59d/fast] Error 2


