Determining if the pthread_create exist failed with the following output:
Change Dir: /home/mathias/BosRepo/bebop_ws/build/try_out_vel_com/CMakeFiles/CMakeTmp

Run Build Command:"/usr/bin/make" "cmTC_568a2/fast"
/usr/bin/make -f CMakeFiles/cmTC_568a2.dir/build.make CMakeFiles/cmTC_568a2.dir/build
make[1]: Entering directory '/home/mathias/BosRepo/bebop_ws/build/try_out_vel_com/CMakeFiles/CMakeTmp'
Building C object CMakeFiles/cmTC_568a2.dir/CheckSymbolExists.c.o
/usr/bin/cc     -o CMakeFiles/cmTC_568a2.dir/CheckSymbolExists.c.o   -c /home/mathias/BosRepo/bebop_ws/build/try_out_vel_com/CMakeFiles/CMakeTmp/CheckSymbolExists.c
Linking C executable cmTC_568a2
/usr/bin/cmake -E cmake_link_script CMakeFiles/cmTC_568a2.dir/link.txt --verbose=1
/usr/bin/cc       CMakeFiles/cmTC_568a2.dir/CheckSymbolExists.c.o  -o cmTC_568a2 -rdynamic 
CMakeFiles/cmTC_568a2.dir/CheckSymbolExists.c.o: In function `main':
CheckSymbolExists.c:(.text+0x16): undefined reference to `pthread_create'
collect2: error: ld returned 1 exit status
CMakeFiles/cmTC_568a2.dir/build.make:97: recipe for target 'cmTC_568a2' failed
make[1]: *** [cmTC_568a2] Error 1
make[1]: Leaving directory '/home/mathias/BosRepo/bebop_ws/build/try_out_vel_com/CMakeFiles/CMakeTmp'
Makefile:126: recipe for target 'cmTC_568a2/fast' failed
make: *** [cmTC_568a2/fast] Error 2

File /home/mathias/BosRepo/bebop_ws/build/try_out_vel_com/CMakeFiles/CMakeTmp/CheckSymbolExists.c:
/* */
#include <pthread.h>

int main(int argc, char** argv)
{
  (void)argv;
#ifndef pthread_create
  return ((int*)(&pthread_create))[argc];
#else
  (void)argc;
  return 0;
#endif
}

Determining if the function pthread_create exists in the pthreads failed with the following output:
Change Dir: /home/mathias/BosRepo/bebop_ws/build/try_out_vel_com/CMakeFiles/CMakeTmp

Run Build Command:"/usr/bin/make" "cmTC_34b78/fast"
/usr/bin/make -f CMakeFiles/cmTC_34b78.dir/build.make CMakeFiles/cmTC_34b78.dir/build
make[1]: Entering directory '/home/mathias/BosRepo/bebop_ws/build/try_out_vel_com/CMakeFiles/CMakeTmp'
Building C object CMakeFiles/cmTC_34b78.dir/CheckFunctionExists.c.o
/usr/bin/cc    -DCHECK_FUNCTION_EXISTS=pthread_create   -o CMakeFiles/cmTC_34b78.dir/CheckFunctionExists.c.o   -c /usr/share/cmake-3.5/Modules/CheckFunctionExists.c
Linking C executable cmTC_34b78
/usr/bin/cmake -E cmake_link_script CMakeFiles/cmTC_34b78.dir/link.txt --verbose=1
/usr/bin/cc   -DCHECK_FUNCTION_EXISTS=pthread_create    CMakeFiles/cmTC_34b78.dir/CheckFunctionExists.c.o  -o cmTC_34b78 -rdynamic -lpthreads 
/usr/bin/ld: cannot find -lpthreads
collect2: error: ld returned 1 exit status
CMakeFiles/cmTC_34b78.dir/build.make:97: recipe for target 'cmTC_34b78' failed
make[1]: *** [cmTC_34b78] Error 1
make[1]: Leaving directory '/home/mathias/BosRepo/bebop_ws/build/try_out_vel_com/CMakeFiles/CMakeTmp'
Makefile:126: recipe for target 'cmTC_34b78/fast' failed
make: *** [cmTC_34b78/fast] Error 2


