Symlinking /home/mathias/BosRepo/bebop_ws/devel/share/bebop_driver/docs/BebopArdrone3Config.dox
Symlinking /home/mathias/BosRepo/bebop_ws/devel/share/bebop_driver/docs/BebopArdrone3Config.wikidoc
Symlinking /home/mathias/BosRepo/bebop_ws/devel/share/bebop_driver/docs/BebopArdrone3Config-usage.dox
Symlinking /home/mathias/BosRepo/bebop_ws/devel/share/bebop_driver/cmake/bebop_driverConfig-version.cmake
Symlinking /home/mathias/BosRepo/bebop_ws/devel/share/bebop_driver/cmake/bebop_driverConfig.cmake
Symlinking /home/mathias/BosRepo/bebop_ws/devel/lib/libbebop_driver_nodelet.so
Symlinking /home/mathias/BosRepo/bebop_ws/devel/lib/libbebop.so
Symlinking /home/mathias/BosRepo/bebop_ws/devel/lib/pkgconfig/bebop_driver.pc
Symlinking /home/mathias/BosRepo/bebop_ws/devel/lib/python2.7/dist-packages/bebop_driver/__init__.py
Symlinking /home/mathias/BosRepo/bebop_ws/devel/lib/python2.7/dist-packages/bebop_driver/cfg/__init__.py
Symlinking /home/mathias/BosRepo/bebop_ws/devel/lib/python2.7/dist-packages/bebop_driver/cfg/BebopArdrone3Config.py
Symlinking /home/mathias/BosRepo/bebop_ws/devel/lib/bebop_driver/bebop_driver_node
Symlinking /home/mathias/BosRepo/bebop_ws/devel/include/bebop_driver/BebopArdrone3Config.h
Cleaning: (/home/rian/bebop_ws/devel/.private/bebop_driver/include/bebop_driver/BebopArdrone3Config.h, /home/rian/bebop_ws/devel/include/bebop_driver/BebopArdrone3Config.h)
Cleaning: (/home/rian/bebop_ws/devel/.private/bebop_driver/lib/libbebop_driver_nodelet.so, /home/rian/bebop_ws/devel/lib/libbebop_driver_nodelet.so)
Cleaning: (/home/rian/bebop_ws/devel/.private/bebop_driver/lib/libbebop.so, /home/rian/bebop_ws/devel/lib/libbebop.so)
Cleaning: (/home/rian/bebop_ws/devel/.private/bebop_driver/lib/pkgconfig/bebop_driver.pc, /home/rian/bebop_ws/devel/lib/pkgconfig/bebop_driver.pc)
Cleaning: (/home/rian/bebop_ws/devel/.private/bebop_driver/lib/bebop_driver/bebop_driver_node, /home/rian/bebop_ws/devel/lib/bebop_driver/bebop_driver_node)
Cleaning: (/home/rian/bebop_ws/devel/.private/bebop_driver/lib/python2.7/dist-packages/bebop_driver/__init__.py, /home/rian/bebop_ws/devel/lib/python2.7/dist-packages/bebop_driver/__init__.py)
Cleaning: (/home/rian/bebop_ws/devel/.private/bebop_driver/lib/python2.7/dist-packages/bebop_driver/cfg/__init__.py, /home/rian/bebop_ws/devel/lib/python2.7/dist-packages/bebop_driver/cfg/__init__.py)
Cleaning: (/home/rian/bebop_ws/devel/.private/bebop_driver/lib/python2.7/dist-packages/bebop_driver/cfg/BebopArdrone3Config.py, /home/rian/bebop_ws/devel/lib/python2.7/dist-packages/bebop_driver/cfg/BebopArdrone3Config.py)
Cleaning: (/home/rian/bebop_ws/devel/.private/bebop_driver/share/bebop_driver/docs/BebopArdrone3Config.dox, /home/rian/bebop_ws/devel/share/bebop_driver/docs/BebopArdrone3Config.dox)
Cleaning: (/home/rian/bebop_ws/devel/.private/bebop_driver/share/bebop_driver/docs/BebopArdrone3Config-usage.dox, /home/rian/bebop_ws/devel/share/bebop_driver/docs/BebopArdrone3Config-usage.dox)
Cleaning: (/home/rian/bebop_ws/devel/.private/bebop_driver/share/bebop_driver/docs/BebopArdrone3Config.wikidoc, /home/rian/bebop_ws/devel/share/bebop_driver/docs/BebopArdrone3Config.wikidoc)
Cleaning: (/home/rian/bebop_ws/devel/.private/bebop_driver/share/bebop_driver/cmake/bebop_driverConfig-version.cmake, /home/rian/bebop_ws/devel/share/bebop_driver/cmake/bebop_driverConfig-version.cmake)
Cleaning: (/home/rian/bebop_ws/devel/.private/bebop_driver/share/bebop_driver/cmake/bebop_driverConfig.cmake, /home/rian/bebop_ws/devel/share/bebop_driver/cmake/bebop_driverConfig.cmake)
Unlinking: /home/rian/bebop_ws/devel/include/bebop_driver/BebopArdrone3Config.h
Already unlinked: {}
Unlinking: /home/rian/bebop_ws/devel/lib/libbebop_driver_nodelet.so
Already unlinked: {}
Unlinking: /home/rian/bebop_ws/devel/lib/libbebop.so
Already unlinked: {}
Unlinking: /home/rian/bebop_ws/devel/lib/pkgconfig/bebop_driver.pc
Already unlinked: {}
Unlinking: /home/rian/bebop_ws/devel/lib/bebop_driver/bebop_driver_node
Already unlinked: {}
Unlinking: /home/rian/bebop_ws/devel/lib/python2.7/dist-packages/bebop_driver/__init__.py
Already unlinked: {}
Unlinking: /home/rian/bebop_ws/devel/lib/python2.7/dist-packages/bebop_driver/cfg/__init__.py
Already unlinked: {}
Unlinking: /home/rian/bebop_ws/devel/lib/python2.7/dist-packages/bebop_driver/cfg/BebopArdrone3Config.py
Already unlinked: {}
Unlinking: /home/rian/bebop_ws/devel/share/bebop_driver/docs/BebopArdrone3Config.dox
Already unlinked: {}
Unlinking: /home/rian/bebop_ws/devel/share/bebop_driver/docs/BebopArdrone3Config-usage.dox
Already unlinked: {}
Unlinking: /home/rian/bebop_ws/devel/share/bebop_driver/docs/BebopArdrone3Config.wikidoc
Already unlinked: {}
Unlinking: /home/rian/bebop_ws/devel/share/bebop_driver/cmake/bebop_driverConfig-version.cmake
Already unlinked: {}
Unlinking: /home/rian/bebop_ws/devel/share/bebop_driver/cmake/bebop_driverConfig.cmake
Already unlinked: {}
